2018-11-10 21:16:09 info: Number of geo tagged tweets collected using location filter stream: 48
2018-11-10 21:17:21 info: Number of geo tagged tweets collected using location filter stream: 48
2018-11-10 21:17:50 info: Number of tweets collected using REST API: 1687
2018-11-10 21:17:50 info: Number of tweets collected using no filter stream: 118255
2018-11-10 21:17:50 info: Number of tweets collected using keyword filter stream: 29816
2018-11-10 21:17:50 info: Number of tweets collected using location filter stream: 48
2018-11-10 21:17:50 info: Total Tweets collected is: 149806
2018-11-10 21:19:25 info: Total number of tweets collected is: 149806
2018-11-10 21:41:13 info: Total number of tweets collected is: 149806
2018-11-10 21:42:13 info: Total number of tweets collected is: 149806
2018-11-10 21:42:13 info: Total number of geo-tagged tweets collected is: 2135
2018-11-10 21:42:23 info: Total number of tweets collected is: 149806
2018-11-10 21:42:23 info: Total number of geo-tagged tweets collected is: 2135
2018-11-10 21:42:28 info: Total number of tweets collected is: 149806
2018-11-10 21:42:28 info: Total number of geo-tagged tweets collected is: 2135
2018-11-10 21:42:34 info: Total number of tweets collected is: 149806
2018-11-10 21:42:34 info: Total number of geo-tagged tweets collected is: 2135
2018-11-10 21:44:17 info: Total number of tweets collected is: 149806
2018-11-10 21:44:17 info: Total number of geo-tagged tweets collected is: 2135
2018-11-10 21:48:19 info: Total number of tweets collected is: 149806
2018-11-10 21:48:19 info: Total number of geo-tagged tweets collected is: 2135
2018-11-10 21:48:26 info: Total number of tweets collected is: 149806
2018-11-10 21:48:26 info: Total number of geo-tagged tweets collected is: 2135
2018-11-10 21:49:13 info: Total number of tweets collected is: 149806
2018-11-10 21:49:13 info: Total number of geo-tagged tweets collected is: 2135
2018-11-10 21:54:29 info: Total number of tweets collected is: 149806
2018-11-10 21:54:29 info: Total number of geo-tagged tweets collected is: 2135
2018-11-10 21:55:01 info: Total number of tweets collected using REST and STREAM are: 149806
2018-11-10 21:55:01 info: Total number of geo-tagged tweets collected using REST and STREAM are: 2135
2018-11-10 21:55:28 info: Total number of tweets collected using REST and STREAM are: 149806
2018-11-10 21:55:28 info: Total number of geo-tagged tweets collected using REST and STREAM are: 2135
2018-11-10 22:06:28 info: Total number of tweets collected using REST and STREAM are: 0
2018-11-10 22:06:28 info: Total number of geo-tagged tweets collected using REST and STREAM are: 0
2018-11-10 22:11:58 info: Total number of tweets collected using REST and STREAM are: 1295
2018-11-10 22:11:58 info: Total number of geo-tagged tweets collected using REST and STREAM are: 24
2018-11-10 22:14:08 info: Total number of tweets collected using REST and STREAM are: 2362
2018-11-10 22:14:08 info: Total number of geo-tagged tweets collected using REST and STREAM are: 45
