2025-11-03 00:53:32 info: Starting the server at port number 3000
2025-11-03 00:54:45 info: Starting the server at port number 3000
2025-11-03 00:54:46 info: MongoDB Memory Server started successfully at: mongodb://127.0.0.1:27017/
2025-11-03 00:54:46 info: Using MongoDB Memory Server for testing (no local MongoDB required)
2025-11-03 00:54:46 info: Successfully connected to database
2025-11-03 00:54:46 info: Number of tweets collected using REST API: 0
2025-11-03 00:54:46 info: Number of tweets collected using no filter stream: 0
2025-11-03 00:54:46 info: Number of tweets collected using keyword filter stream: 0
2025-11-03 00:54:46 info: Number of tweets collected using location filter stream: 0
2025-11-03 00:54:46 info: Total number of tweets collected using REST and STREAM are: 0
2025-11-03 00:54:46 info: Total number of geo-tagged tweets collected using REST and STREAM are: 0
2025-11-03 00:54:46 info: Number of geo tagged tweets collected using location filter stream: 0
2025-11-03 00:54:46 info: Number of tweets from Glasgow using streaming are: 0
2025-11-03 00:54:46 info: Total overlapping data found between Geo-tagged and No Filter Streamed Data: 0
2025-11-03 00:54:46 info: totalRedundantDataInCollections: Number of tweets from Glasgow using streaming are: 0
2025-11-03 00:54:46 info: Total redundant data present in all the collections is: 0
2025-11-03 00:54:46 info: totalRetweetsQuotesCount: Found 0 retweets in REST collection
2025-11-03 00:54:46 info: totalRetweetsQuotesCount: No quote tweets found in REST collection.
2025-11-03 00:54:46 info: totalRetweetsQuotesCount: Found 0 retweets in keyword filter stream collection
2025-11-03 00:54:46 info: totalRetweetsQuotesCount: No quote tweets found in keyword filter stream collection.
2025-11-03 00:54:46 info: totalRetweetsQuotesCount: Found 0 retweets in no filter stream collection
2025-11-03 00:54:46 info: totalRetweetsQuotesCount: No quote tweets found in no filter stream collection.
2025-11-03 00:54:46 info: totalRetweetsQuotesCount: Found 0 retweets in location filter stream collection
2025-11-03 00:54:46 info: totalRetweetsQuotesCount: No quote tweets found in location filter stream collection.
2025-11-03 00:54:46 info: Total retweeted tweets present in all the collections is: 0
2025-11-03 00:54:46 info: Total quoted tweets present in all the collections is: 0
2025-11-03 00:54:46 info: Analytics completed successfully
2025-11-03 20:34:23 info: Starting the server at port number 3000
2025-11-03 20:34:24 info: MongoDB Memory Server started successfully at: mongodb://127.0.0.1:27017/
2025-11-03 20:34:24 info: Using MongoDB Memory Server for testing (no local MongoDB required)
2025-11-03 20:34:24 info: Successfully connected to database
2025-11-03 20:34:24 info: Number of tweets collected using REST API: 0
2025-11-03 20:34:24 info: Number of tweets collected using no filter stream: 0
2025-11-03 20:34:24 info: Number of tweets collected using keyword filter stream: 0
2025-11-03 20:34:24 info: Number of tweets collected using location filter stream: 0
2025-11-03 20:34:24 info: Total number of tweets collected using REST and STREAM are: 0
2025-11-03 20:34:24 info: Total number of geo-tagged tweets collected using REST and STREAM are: 0
2025-11-03 20:34:24 info: Number of geo tagged tweets collected using location filter stream: 0
2025-11-03 20:34:24 info: Number of tweets from Glasgow using streaming are: 0
2025-11-03 20:34:24 info: Total overlapping data found between Geo-tagged and No Filter Streamed Data: 0
2025-11-03 20:34:24 info: totalRedundantDataInCollections: Number of tweets from Glasgow using streaming are: 0
2025-11-03 20:34:24 info: Total redundant data present in all the collections is: 0
2025-11-03 20:34:24 info: totalRetweetsQuotesCount: Found 0 retweets in REST collection
2025-11-03 20:34:24 info: totalRetweetsQuotesCount: No quote tweets found in REST collection.
2025-11-03 20:34:24 info: totalRetweetsQuotesCount: Found 0 retweets in keyword filter stream collection
2025-11-03 20:34:24 info: totalRetweetsQuotesCount: No quote tweets found in keyword filter stream collection.
2025-11-03 20:34:24 info: totalRetweetsQuotesCount: Found 0 retweets in no filter stream collection
2025-11-03 20:34:24 info: totalRetweetsQuotesCount: No quote tweets found in no filter stream collection.
2025-11-03 20:34:24 info: totalRetweetsQuotesCount: Found 0 retweets in location filter stream collection
2025-11-03 20:34:24 info: totalRetweetsQuotesCount: No quote tweets found in location filter stream collection.
2025-11-03 20:34:24 info: Total retweeted tweets present in all the collections is: 0
2025-11-03 20:34:24 info: Total quoted tweets present in all the collections is: 0
2025-11-03 20:34:24 info: Analytics completed successfully
