2018-11-10 19:08:25 info: Successfully connected to database
2018-11-10 19:08:57 info: Successfully connected to database
2018-11-10 19:09:41 info: Successfully connected to database
2018-11-10 19:09:49 info: Successfully connected to database
2018-11-10 19:10:01 info: Successfully connected to database
2018-11-10 19:27:34 info: Successfully connected to database
2018-11-10 19:27:34 info: Number of tweets collected using REST API: 1687
2018-11-10 19:27:34 info: Number of tweets collected using no filter stream: 118255
2018-11-10 19:27:34 info: Number of tweets collected using keyword filter stream: 29816
2018-11-10 19:27:34 info: Number of tweets collected using location filter stream: 48
2018-11-10 19:27:34 info: Total Tweets collected is: 1687
2018-11-10 19:29:06 info: Successfully connected to database
2018-11-10 19:29:06 info: Number of tweets collected using REST API: 1687
2018-11-10 19:29:06 info: Number of tweets collected using no filter stream: 118255
2018-11-10 19:29:06 info: Number of tweets collected using keyword filter stream: 29816
2018-11-10 19:29:06 info: Number of tweets collected using location filter stream: 48
2018-11-10 19:29:06 info: Total Tweets collected is: 1687
2018-11-10 19:29:19 info: Successfully connected to database
2018-11-10 19:29:19 info: Number of tweets collected using REST API: 1687
2018-11-10 19:29:19 info: Number of tweets collected using no filter stream: 118255
2018-11-10 19:29:19 info: Number of tweets collected using keyword filter stream: 29816
2018-11-10 19:29:19 info: Number of tweets collected using location filter stream: 48
2018-11-10 19:29:19 info: Total Tweets collected is: NaN
2018-11-10 19:30:09 info: Successfully connected to database
2018-11-10 19:30:09 info: Number of tweets collected using REST API: 1687
2018-11-10 19:30:09 info: Number of tweets collected using no filter stream: 118255
2018-11-10 19:30:09 info: Number of tweets collected using keyword filter stream: 29816
2018-11-10 19:30:09 info: Number of tweets collected using location filter stream: 48
2018-11-10 19:30:09 info: Total Tweets collected is: NaN
2018-11-10 19:31:33 info: Successfully connected to database
2018-11-10 19:31:33 info: Number of tweets collected using REST API: 1687
2018-11-10 19:31:33 info: Number of tweets collected using no filter stream: 118255
2018-11-10 19:31:33 info: Number of tweets collected using keyword filter stream: 29816
2018-11-10 19:31:33 info: Number of tweets collected using location filter stream: 48
2018-11-10 19:31:33 info: Total Tweets collected is: NaN
2018-11-10 19:31:54 info: Successfully connected to database
2018-11-10 19:31:54 info: Number of tweets collected using REST API: 1687
2018-11-10 19:31:54 info: Number of tweets collected using no filter stream: 118255
2018-11-10 19:31:54 info: Number of tweets collected using keyword filter stream: 29816
2018-11-10 19:31:54 info: Number of tweets collected using location filter stream: 48
2018-11-10 19:31:54 info: Total Tweets collected is: NaN
2018-11-10 19:32:58 info: Successfully connected to database
2018-11-10 19:32:58 info: Number of tweets collected using REST API: 1687
2018-11-10 19:32:58 info: Number of tweets collected using no filter stream: 118255
2018-11-10 19:32:58 info: Number of tweets collected using keyword filter stream: 29816
2018-11-10 19:32:58 info: Number of tweets collected using location filter stream: 48
2018-11-10 19:32:58 info: Total Tweets collected is: undefined
2018-11-10 19:33:06 info: Successfully connected to database
2018-11-10 19:33:06 info: Number of tweets collected using REST API: 1687
2018-11-10 19:33:06 info: Number of tweets collected using no filter stream: 118255
2018-11-10 19:33:06 info: Number of tweets collected using keyword filter stream: 29816
2018-11-10 19:33:06 info: Number of tweets collected using location filter stream: 48
2018-11-10 19:33:06 info: Total Tweets collected is: undefined
2018-11-10 19:33:42 info: Successfully connected to database
2018-11-10 19:33:42 info: Number of tweets collected using REST API: 1687
2018-11-10 19:33:42 info: Number of tweets collected using no filter stream: 118255
2018-11-10 19:33:42 info: Number of tweets collected using keyword filter stream: 29816
2018-11-10 19:33:42 info: Number of tweets collected using location filter stream: 48
2018-11-10 19:33:42 info: Total Tweets collected is: 1687
2018-11-10 19:34:34 info: Successfully connected to database
2018-11-10 19:34:34 info: Number of tweets collected using REST API: 1687
2018-11-10 19:34:34 info: Number of tweets collected using no filter stream: 118255
2018-11-10 19:34:34 info: Number of tweets collected using keyword filter stream: 29816
2018-11-10 19:34:34 info: Number of tweets collected using location filter stream: 48
2018-11-10 19:34:34 info: Total Tweets collected is: 1687
2018-11-10 19:34:54 info: Successfully connected to database
2018-11-10 19:34:54 info: Number of tweets collected using REST API: 1687
2018-11-10 19:34:54 info: Number of tweets collected using no filter stream: 118255
2018-11-10 19:34:54 info: Number of tweets collected using keyword filter stream: 29816
2018-11-10 19:34:54 info: Number of tweets collected using location filter stream: 48
2018-11-10 19:34:55 info: Successfully connected to database
2018-11-10 19:34:55 info: Number of tweets collected using REST API: 1687
2018-11-10 19:34:55 info: Number of tweets collected using no filter stream: 118255
2018-11-10 19:34:55 info: Number of tweets collected using keyword filter stream: 29816
2018-11-10 19:34:55 info: Number of tweets collected using location filter stream: 48
2018-11-10 19:37:34 info: Successfully connected to database
2018-11-10 19:37:34 info: Number of tweets collected using REST API: 1687
2018-11-10 19:37:34 info: Number of tweets collected using no filter stream: 118255
2018-11-10 19:37:34 info: Number of tweets collected using keyword filter stream: 29816
2018-11-10 19:37:34 info: Number of tweets collected using location filter stream: 48
2018-11-10 19:37:34 info: Total Tweets collected is: 149806
2018-11-10 19:38:09 info: Successfully connected to database
2018-11-10 19:38:09 info: Number of tweets collected using REST API: 1687
2018-11-10 19:38:09 info: Number of tweets collected using no filter stream: 118255
2018-11-10 19:38:09 info: Number of tweets collected using keyword filter stream: 29816
2018-11-10 19:38:09 info: Number of tweets collected using location filter stream: 48
2018-11-10 19:38:09 info: Total Tweets collected is: 149806
2018-11-10 19:44:42 info: Successfully connected to database
2018-11-10 19:44:42 info: Number of tweets collected using location filter stream: 48
2018-11-10 19:45:05 info: Successfully connected to database
2018-11-10 19:45:05 info: Number of geo tagged tweets collected using location filter stream: 48
2018-11-10 21:11:02 info: Successfully connected to database
2018-11-10 21:11:02 info: Number of geo tagged tweets collected using location filter stream: 48
2018-11-10 21:12:14 info: Successfully connected to database
2018-11-10 21:12:14 info: Number of geo tagged tweets collected using location filter stream: 48
2018-11-10 21:12:14 info: Successfully connected to database
2018-11-10 21:12:14 info: Number of geo tagged tweets collected using location filter stream: 48
2018-11-10 21:12:21 info: Successfully connected to database
2018-11-10 21:12:21 info: Number of geo tagged tweets collected using location filter stream: 48
2018-11-10 21:12:52 info: Successfully connected to database
2018-11-10 21:12:52 info: Number of geo tagged tweets collected using location filter stream: 48
2018-11-10 21:13:57 info: Successfully connected to database
2018-11-10 21:13:57 info: Number of geo tagged tweets collected using location filter stream: 48
2018-11-10 21:14:01 info: Successfully connected to database
2018-11-10 21:14:01 info: Number of geo tagged tweets collected using location filter stream: 48
2018-11-10 21:14:02 info: Successfully connected to database
2018-11-10 21:14:02 info: Number of geo tagged tweets collected using location filter stream: 48
2018-11-10 21:14:08 info: Successfully connected to database
2018-11-10 21:14:08 info: Number of geo tagged tweets collected using location filter stream: 48
2018-11-10 21:14:44 info: Successfully connected to database
2018-11-10 21:14:44 info: Number of geo tagged tweets collected using location filter stream: 48
2018-11-10 21:14:50 info: Successfully connected to database
2018-11-10 21:14:50 info: Number of geo tagged tweets collected using location filter stream: 48
2018-11-10 21:14:54 info: Successfully connected to database
2018-11-10 21:14:54 info: Number of geo tagged tweets collected using location filter stream: 48
2018-11-10 21:15:22 info: Successfully connected to database
2018-11-10 21:15:22 info: Number of geo tagged tweets collected using location filter stream: 48
2018-11-10 21:16:09 info: Successfully connected to database
2018-11-10 21:16:09 info: Number of geo tagged tweets collected using location filter stream: 48
2018-11-10 21:17:21 info: Successfully connected to database
2018-11-10 21:17:21 info: Number of geo tagged tweets collected using location filter stream: 48
2018-11-10 21:17:50 info: Successfully connected to database
2018-11-10 21:17:50 info: Number of tweets collected using REST API: 1687
2018-11-10 21:17:50 info: Number of tweets collected using no filter stream: 118255
2018-11-10 21:17:50 info: Number of tweets collected using keyword filter stream: 29816
2018-11-10 21:17:50 info: Number of tweets collected using location filter stream: 48
2018-11-10 21:17:50 info: Total Tweets collected is: 149806
2018-11-10 21:19:25 info: Successfully connected to database
2018-11-10 21:19:25 info: Number of tweets collected using REST API: 1687
2018-11-10 21:19:25 info: Number of tweets collected using no filter stream: 118255
2018-11-10 21:19:25 info: Number of tweets collected using keyword filter stream: 29816
2018-11-10 21:19:25 info: Number of tweets collected using location filter stream: 48
2018-11-10 21:19:25 info: Total number of tweets collected is: 149806
2018-11-10 21:41:12 info: Successfully connected to database
2018-11-10 21:41:12 info: Number of tweets collected using REST API: 1687
2018-11-10 21:41:12 info: Number of tweets collected using no filter stream: 118255
2018-11-10 21:41:13 info: Number of tweets collected using keyword filter stream: 29816
2018-11-10 21:41:13 info: Number of tweets collected using location filter stream: 48
2018-11-10 21:41:13 info: Total number of tweets collected is: 149806
2018-11-10 21:42:12 info: Successfully connected to database
2018-11-10 21:42:12 info: Number of tweets collected using REST API: 1687
2018-11-10 21:42:12 info: Number of tweets collected using no filter stream: 118255
2018-11-10 21:42:13 info: Number of tweets collected using keyword filter stream: 29816
2018-11-10 21:42:13 info: Number of tweets collected using location filter stream: 48
2018-11-10 21:42:13 info: Total number of tweets collected is: 149806
2018-11-10 21:42:13 info: Total number of geo-tagged tweets collected is: 2135
2018-11-10 21:42:22 info: Successfully connected to database
2018-11-10 21:42:22 info: Number of tweets collected using REST API: 1687
2018-11-10 21:42:22 info: Number of tweets collected using no filter stream: 118255
2018-11-10 21:42:23 info: Number of tweets collected using keyword filter stream: 29816
2018-11-10 21:42:23 info: Number of tweets collected using location filter stream: 48
2018-11-10 21:42:23 info: Total number of tweets collected is: 149806
2018-11-10 21:42:23 info: Total number of geo-tagged tweets collected is: 2135
2018-11-10 21:42:27 info: Successfully connected to database
2018-11-10 21:42:27 info: Number of tweets collected using REST API: 1687
2018-11-10 21:42:27 info: Number of tweets collected using no filter stream: 118255
2018-11-10 21:42:28 info: Number of tweets collected using keyword filter stream: 29816
2018-11-10 21:42:28 info: Number of tweets collected using location filter stream: 48
2018-11-10 21:42:28 info: Total number of tweets collected is: 149806
2018-11-10 21:42:28 info: Total number of geo-tagged tweets collected is: 2135
2018-11-10 21:42:34 info: Successfully connected to database
2018-11-10 21:42:34 info: Number of tweets collected using REST API: 1687
2018-11-10 21:42:34 info: Number of tweets collected using no filter stream: 118255
2018-11-10 21:42:34 info: Number of tweets collected using keyword filter stream: 29816
2018-11-10 21:42:34 info: Number of tweets collected using location filter stream: 48
2018-11-10 21:42:34 info: Total number of tweets collected is: 149806
2018-11-10 21:42:34 info: Total number of geo-tagged tweets collected is: 2135
2018-11-10 21:43:46 info: Successfully connected to database
2018-11-10 21:43:46 info: Number of tweets collected using REST API: 1687
2018-11-10 21:43:46 info: Number of tweets collected using no filter stream: 118255
2018-11-10 21:44:16 info: Successfully connected to database
2018-11-10 21:44:16 info: Number of tweets collected using REST API: 1687
2018-11-10 21:44:16 info: Number of tweets collected using no filter stream: 118255
2018-11-10 21:44:17 info: Number of tweets collected using keyword filter stream: 29816
2018-11-10 21:44:17 info: Number of tweets collected using location filter stream: 48
2018-11-10 21:44:17 info: Total number of tweets collected is: 149806
2018-11-10 21:44:17 info: Total number of geo-tagged tweets collected is: 2135
2018-11-10 21:48:18 info: Successfully connected to database
2018-11-10 21:48:18 info: Number of tweets collected using REST API: 1687
2018-11-10 21:48:18 info: Number of tweets collected using no filter stream: 118255
2018-11-10 21:48:19 info: Number of tweets collected using keyword filter stream: 29816
2018-11-10 21:48:19 info: Number of tweets collected using location filter stream: 48
2018-11-10 21:48:19 info: Total number of tweets collected is: 149806
2018-11-10 21:48:19 info: Total number of geo-tagged tweets collected is: 2135
2018-11-10 21:48:25 info: Successfully connected to database
2018-11-10 21:48:25 info: Number of tweets collected using REST API: 1687
2018-11-10 21:48:25 info: Number of tweets collected using no filter stream: 118255
2018-11-10 21:48:26 info: Number of tweets collected using keyword filter stream: 29816
2018-11-10 21:48:26 info: Number of tweets collected using location filter stream: 48
2018-11-10 21:48:26 info: Total number of tweets collected is: 149806
2018-11-10 21:48:26 info: Total number of geo-tagged tweets collected is: 2135
2018-11-10 21:49:12 info: Successfully connected to database
2018-11-10 21:49:12 info: Number of tweets collected using REST API: 1687
2018-11-10 21:49:12 info: Number of tweets collected using no filter stream: 118255
2018-11-10 21:49:13 info: Number of tweets collected using keyword filter stream: 29816
2018-11-10 21:49:13 info: Number of tweets collected using location filter stream: 48
2018-11-10 21:49:13 info: Total number of tweets collected is: 149806
2018-11-10 21:49:13 info: Total number of geo-tagged tweets collected is: 2135
2018-11-10 21:49:22 info: Successfully connected to database
2018-11-10 21:49:22 info: Number of tweets collected using REST API: 1687
2018-11-10 21:49:22 info: Number of tweets collected using no filter stream: 118255
2018-11-10 21:49:23 info: Number of tweets collected using keyword filter stream: 29816
2018-11-10 21:54:28 info: Successfully connected to database
2018-11-10 21:54:28 info: Number of tweets collected using REST API: 1687
2018-11-10 21:54:28 info: Number of tweets collected using no filter stream: 118255
2018-11-10 21:54:28 info: Number of tweets collected using keyword filter stream: 29816
2018-11-10 21:54:29 info: Number of tweets collected using location filter stream: 48
2018-11-10 21:54:29 info: Total number of tweets collected is: 149806
2018-11-10 21:54:29 info: Total number of geo-tagged tweets collected is: 2135
2018-11-10 21:55:00 info: Successfully connected to database
2018-11-10 21:55:00 info: Number of tweets collected using REST API: 1687
2018-11-10 21:55:00 info: Number of tweets collected using no filter stream: 118255
2018-11-10 21:55:01 info: Number of tweets collected using keyword filter stream: 29816
2018-11-10 21:55:01 info: Number of tweets collected using location filter stream: 48
2018-11-10 21:55:01 info: Total number of tweets collected using REST and STREAM are: 149806
2018-11-10 21:55:01 info: Total number of geo-tagged tweets collected using REST and STREAM are: 2135
2018-11-10 21:55:27 info: Successfully connected to database
2018-11-10 21:55:27 info: Number of tweets collected using REST API: 1687
2018-11-10 21:55:27 info: Number of tweets collected using no filter stream: 118255
2018-11-10 21:55:28 info: Number of tweets collected using keyword filter stream: 29816
2018-11-10 21:55:28 info: Number of tweets collected using location filter stream: 48
2018-11-10 21:55:28 info: Total number of tweets collected using REST and STREAM are: 149806
2018-11-10 21:55:28 info: Total number of geo-tagged tweets collected using REST and STREAM are: 2135
2018-11-10 22:06:28 info: Successfully connected to database
2018-11-10 22:06:28 info: Number of tweets collected using REST API: 0
2018-11-10 22:06:28 info: Number of tweets collected using no filter stream: 0
2018-11-10 22:06:28 info: Number of tweets collected using keyword filter stream: 0
2018-11-10 22:06:28 info: Number of tweets collected using location filter stream: 0
2018-11-10 22:06:28 info: Total number of tweets collected using REST and STREAM are: 0
2018-11-10 22:06:28 info: Total number of geo-tagged tweets collected using REST and STREAM are: 0
2018-11-10 22:11:48 info: No keyword filter stream started
2018-11-10 22:11:48 info: Keyword filter stream started
2018-11-10 22:11:48 info: Location filter stream started
2018-11-10 22:11:48 info: Starting the server at port number 3000
2018-11-10 22:11:48 info: Successfully connected to database
2018-11-10 22:11:48 info: Tweet without any keyword filter received by user: "kindajessica"
2018-11-10 22:11:48 info: Tweet without any keyword filter received by user: "salehbaraheim32"
2018-11-10 22:11:48 info: Tweet by user "salehbaraheim32" with no filtering saved to database
2018-11-10 22:11:48 info: Tweet by user "kindajessica" with no filtering saved to database
2018-11-10 22:11:48 info: The number of tweets received using GET REST API are: 96
2018-11-10 22:11:49 info: Tweet without any keyword filter received by user: "krzysieklesko"
2018-11-10 22:11:49 info: Tweet by user "krzysieklesko" with no filtering saved to database
2018-11-10 22:11:49 info: Tweet without any keyword filter received by user: "JmesaricM"
2018-11-10 22:11:49 info: Tweet by user "JmesaricM" with no filtering saved to database
2018-11-10 22:11:49 info: Tweet without any keyword filter received by user: "mocktailmonster"
2018-11-10 22:11:49 info: Tweet without any keyword filter received by user: "Keithflyn4ever"
2018-11-10 22:11:49 info: Tweet by user "mocktailmonster" with no filtering saved to database
2018-11-10 22:11:49 info: Tweet without any keyword filter received by user: "Judson1360"
2018-11-10 22:11:49 info: Tweet by user "Keithflyn4ever" with no filtering saved to database
2018-11-10 22:11:49 info: Tweet by user "Judson1360" with no filtering saved to database
2018-11-10 22:11:49 info: All tweets using since REST call have been successfully saved in the database.
2018-11-10 22:11:49 info: Tweet without any keyword filter received by user: "YKsmilez"
2018-11-10 22:11:49 info: Tweet by user "YKsmilez" with no filtering saved to database
2018-11-10 22:11:49 info: Keyword being searched for via the twitter REST call is: manchester
2018-11-10 22:11:49 info: Tweet without any keyword filter received by user: "Sofia_Chocolata"
2018-11-10 22:11:49 info: Tweet by user "Sofia_Chocolata" with no filtering saved to database
2018-11-10 22:11:49 info: The number of tweets received using GET REST API are: 100
2018-11-10 22:11:49 info: Tweet without any keyword filter received by user: "fakhri26738833"
2018-11-10 22:11:49 info: Tweet by user "fakhri26738833" with no filtering saved to database
2018-11-10 22:11:49 info: Tweet without any keyword filter received by user: "ethnobot"
2018-11-10 22:11:49 info: Tweet without any keyword filter received by user: "geraldo1963"
2018-11-10 22:11:49 info: Tweet by user "ethnobot" with no filtering saved to database
2018-11-10 22:11:49 info: Tweet by user "geraldo1963" with no filtering saved to database
2018-11-10 22:11:49 info: Tweet without any keyword filter received by user: "ipekgener33"
2018-11-10 22:11:49 info: Tweet without any keyword filter received by user: "iiiwe___"
2018-11-10 22:11:49 info: Tweet by user "ipekgener33" with no filtering saved to database
2018-11-10 22:11:49 info: Tweet by user "iiiwe___" with no filtering saved to database
2018-11-10 22:11:49 info: Tweet without any keyword filter received by user: "flightsNskype"
2018-11-10 22:11:49 info: Tweet without any keyword filter received by user: "gisediap"
2018-11-10 22:11:49 info: Tweet by user "flightsNskype" with no filtering saved to database
2018-11-10 22:11:49 info: Tweet without any keyword filter received by user: "scarabocchiomio"
2018-11-10 22:11:49 info: Tweet by user "gisediap" with no filtering saved to database
2018-11-10 22:11:49 info: Tweet by user "scarabocchiomio" with no filtering saved to database
2018-11-10 22:11:49 info: Tweet without any keyword filter received by user: "mudussir_khawer"
2018-11-10 22:11:50 info: Tweet by user "mudussir_khawer" with no filtering saved to database
2018-11-10 22:11:50 info: Tweet without any keyword filter received by user: "feaamy"
2018-11-10 22:11:50 info: Tweet without any keyword filter received by user: "julianiilo"
2018-11-10 22:11:50 info: Tweet by user "feaamy" with no filtering saved to database
2018-11-10 22:11:50 info: Tweet without any keyword filter received by user: "balaleembeamm"
2018-11-10 22:11:50 info: Tweet by user "julianiilo" with no filtering saved to database
2018-11-10 22:11:50 info: Tweet by user "balaleembeamm" with no filtering saved to database
2018-11-10 22:11:50 info: Tweet without any keyword filter received by user: "b1iin"
2018-11-10 22:11:50 info: Tweet by user "b1iin" with no filtering saved to database
2018-11-10 22:11:50 info: Tweet without any keyword filter received by user: "isabeldelatorr8"
2018-11-10 22:11:50 info: Tweet by user "isabeldelatorr8" with no filtering saved to database
2018-11-10 22:11:50 info: Tweet without any keyword filter received by user: "elhombrepolilla"
2018-11-10 22:11:50 info: Tweet by user "elhombrepolilla" with no filtering saved to database
2018-11-10 22:11:50 info: Tweet without any keyword filter received by user: "pwpgarden"
2018-11-10 22:11:50 info: Tweet by user "pwpgarden" with no filtering saved to database
2018-11-10 22:11:50 info: All tweets using since REST call have been successfully saved in the database.
2018-11-10 22:11:50 info: Tweet without any keyword filter received by user: "priorpat7"
2018-11-10 22:11:50 info: Tweet without any keyword filter received by user: "Saysyeswecan"
2018-11-10 22:11:50 info: Tweet by user "priorpat7" with no filtering saved to database
2018-11-10 22:11:50 info: Tweet without any keyword filter received by user: "badarrruu"
2018-11-10 22:11:50 info: Tweet by user "Saysyeswecan" with no filtering saved to database
2018-11-10 22:11:50 info: Tweet by user "badarrruu" with no filtering saved to database
2018-11-10 22:11:50 info: Tweet without any keyword filter received by user: "SabrinaSnck"
2018-11-10 22:11:50 info: Tweet by user "SabrinaSnck" with no filtering saved to database
2018-11-10 22:11:50 info: Tweet without any keyword filter received by user: "werle_marie"
2018-11-10 22:11:50 info: Tweet without any keyword filter received by user: "gigiiduarte02"
2018-11-10 22:11:50 info: Tweet by user "werle_marie" with no filtering saved to database
2018-11-10 22:11:50 info: Tweet by user "gigiiduarte02" with no filtering saved to database
2018-11-10 22:11:50 info: Tweet without any keyword filter received by user: "BullagueroAzul"
2018-11-10 22:11:50 info: Tweet by user "BullagueroAzul" with no filtering saved to database
2018-11-10 22:11:50 info: Tweet without any keyword filter received by user: "AinesGuaresti"
2018-11-10 22:11:50 info: Tweet without any keyword filter received by user: "lylsant"
2018-11-10 22:11:50 info: Tweet by user "AinesGuaresti" with no filtering saved to database
2018-11-10 22:11:50 info: Tweet without any keyword filter received by user: "Tom___Shelby"
2018-11-10 22:11:50 info: Tweet by user "lylsant" with no filtering saved to database
2018-11-10 22:11:50 info: Tweet without any keyword filter received by user: "mmsmcm"
2018-11-10 22:11:50 info: Tweet by user "Tom___Shelby" with no filtering saved to database
2018-11-10 22:11:50 info: Tweet by user "mmsmcm" with no filtering saved to database
2018-11-10 22:11:50 info: Tweet without any keyword filter received by user: "Alexisjay_"
2018-11-10 22:11:50 info: Tweet without any keyword filter received by user: "bretascrvg"
2018-11-10 22:11:50 info: Tweet without any keyword filter received by user: "kagebunsin9999"
2018-11-10 22:11:50 info: Tweet by user "Alexisjay_" with no filtering saved to database
2018-11-10 22:11:50 info: Tweet by user "bretascrvg" with no filtering saved to database
2018-11-10 22:11:50 info: Tweet by user "kagebunsin9999" with no filtering saved to database
2018-11-10 22:11:50 info: Tweet without any keyword filter received by user: "joaoooPaulo28"
2018-11-10 22:11:50 info: Tweet without any keyword filter received by user: "auntieamy90"
2018-11-10 22:11:50 info: Tweet by user "joaoooPaulo28" with no filtering saved to database
2018-11-10 22:11:50 info: Tweet without any keyword filter received by user: "Viictoriaavila_"
2018-11-10 22:11:50 info: Tweet by user "auntieamy90" with no filtering saved to database
2018-11-10 22:11:50 info: Tweet by user "Viictoriaavila_" with no filtering saved to database
2018-11-10 22:11:50 info: Tweet without any keyword filter received by user: "metatron100"
2018-11-10 22:11:50 info: Tweet without any keyword filter received by user: "OliveTrouble"
2018-11-10 22:11:50 info: Tweet without any keyword filter received by user: "ValorOf1776"
2018-11-10 22:11:50 info: Tweet by user "metatron100" with no filtering saved to database
2018-11-10 22:11:50 info: Tweet by user "OliveTrouble" with no filtering saved to database
2018-11-10 22:11:50 info: Tweet by user "ValorOf1776" with no filtering saved to database
2018-11-10 22:11:50 info: Tweet without any keyword filter received by user: "filousfi"
2018-11-10 22:11:50 info: Tweet by user "filousfi" with no filtering saved to database
2018-11-10 22:11:50 info: Keyword being searched for via the twitter REST call is: amber
2018-11-10 22:11:50 info: The number of tweets received using GET REST API are: 89
2018-11-10 22:11:50 info: All tweets using since REST call have been successfully saved in the database.
2018-11-10 22:11:50 info: Tweet without any keyword filter received by user: "mspires95"
2018-11-10 22:11:50 info: Tweet by user "mspires95" with no filtering saved to database
2018-11-10 22:11:50 info: Tweet without any keyword filter received by user: "294jp"
2018-11-10 22:11:50 info: Tweet without any keyword filter received by user: "Misslinlou"
2018-11-10 22:11:50 info: Tweet by user "294jp" with no filtering saved to database
2018-11-10 22:11:50 info: Tweet by user "Misslinlou" with no filtering saved to database
2018-11-10 22:11:50 info: Tweet without any keyword filter received by user: "um_caafajeste"
2018-11-10 22:11:50 info: Tweet without any keyword filter received by user: "Fabricepoulet"
2018-11-10 22:11:50 info: Tweet by user "um_caafajeste" with no filtering saved to database
2018-11-10 22:11:50 info: Tweet by user "Fabricepoulet" with no filtering saved to database
2018-11-10 22:11:50 info: Tweet without any keyword filter received by user: "discoverer888"
2018-11-10 22:11:50 info: Tweet without any keyword filter received by user: "mrkparus"
2018-11-10 22:11:50 info: Tweet without any keyword filter received by user: "kaylalildunlea"
2018-11-10 22:11:50 info: Tweet by user "discoverer888" with no filtering saved to database
2018-11-10 22:11:50 info: Tweet without any keyword filter received by user: "meingevers"
2018-11-10 22:11:50 info: Tweet by user "mrkparus" with no filtering saved to database
2018-11-10 22:11:50 info: Tweet by user "kaylalildunlea" with no filtering saved to database
2018-11-10 22:11:50 info: Tweet by user "meingevers" with no filtering saved to database
2018-11-10 22:11:50 info: Tweet without any keyword filter received by user: "bryantfheath"
2018-11-10 22:11:50 info: Tweet without any keyword filter received by user: "gonalois"
2018-11-10 22:11:50 info: Tweet without any keyword filter received by user: "jsmn_agr"
2018-11-10 22:11:50 info: Tweet by user "bryantfheath" with no filtering saved to database
2018-11-10 22:11:50 info: Tweet by user "gonalois" with no filtering saved to database
2018-11-10 22:11:50 info: Tweet by user "jsmn_agr" with no filtering saved to database
2018-11-10 22:11:50 info: Tweet without any keyword filter received by user: "TheMadMonkey247"
2018-11-10 22:11:50 info: Tweet without any keyword filter received by user: "itsjulliiak"
2018-11-10 22:11:50 info: Tweet without any keyword filter received by user: "jennystape"
2018-11-10 22:11:50 info: Tweet by user "TheMadMonkey247" with no filtering saved to database
2018-11-10 22:11:50 info: Tweet by user "itsjulliiak" with no filtering saved to database
2018-11-10 22:11:50 info: Tweet by user "jennystape" with no filtering saved to database
2018-11-10 22:11:51 info: Tweet without any keyword filter received by user: "brightn_massage"
2018-11-10 22:11:51 info: Tweet without any keyword filter received by user: "GoldaaSolo"
2018-11-10 22:11:51 info: Tweet by user "brightn_massage" with no filtering saved to database
2018-11-10 22:11:51 info: Tweet by user "GoldaaSolo" with no filtering saved to database
2018-11-10 22:11:51 info: Tweet without any keyword filter received by user: "ariSa_id"
2018-11-10 22:11:51 info: Tweet without any keyword filter received by user: "rafasmaia"
2018-11-10 22:11:51 info: Tweet by user "ariSa_id" with no filtering saved to database
2018-11-10 22:11:51 info: Tweet without any keyword filter received by user: "LancasterPhotog"
2018-11-10 22:11:51 info: Tweet by user "rafasmaia" with no filtering saved to database
2018-11-10 22:11:51 info: Tweet by user "LancasterPhotog" with no filtering saved to database
2018-11-10 22:11:51 info: Tweet without any keyword filter received by user: "njhaught"
2018-11-10 22:11:51 info: Tweet by user "njhaught" with no filtering saved to database
2018-11-10 22:11:51 info: Tweet without any keyword filter received by user: "bluejaiden"
2018-11-10 22:11:51 info: Tweet by user "bluejaiden" with no filtering saved to database
2018-11-10 22:11:51 info: Tweet without any keyword filter received by user: "swagdaddy_30"
2018-11-10 22:11:51 info: Tweet by user "swagdaddy_30" with no filtering saved to database
2018-11-10 22:11:51 info: Tweet without any keyword filter received by user: "KarscenSutliff"
2018-11-10 22:11:51 info: Tweet by user "KarscenSutliff" with no filtering saved to database
2018-11-10 22:11:51 info: Tweet without any keyword filter received by user: "aa1b_"
2018-11-10 22:11:51 info: Tweet by user "aa1b_" with no filtering saved to database
2018-11-10 22:11:51 info: Tweet without any keyword filter received by user: "ATTACCRAINBOW"
2018-11-10 22:11:51 info: Tweet by user "ATTACCRAINBOW" with no filtering saved to database
2018-11-10 22:11:51 info: Tweet without any keyword filter received by user: "AliceLfc4"
2018-11-10 22:11:51 info: Tweet by user "AliceLfc4" with no filtering saved to database
2018-11-10 22:11:51 info: Keyword being searched for via the twitter REST call is: night
2018-11-10 22:11:51 info: Tweet without any keyword filter received by user: "ilena_lugo"
2018-11-10 22:11:51 info: Tweet without any keyword filter received by user: "FlorSarrugeri"
2018-11-10 22:11:51 info: Tweet by user "ilena_lugo" with no filtering saved to database
2018-11-10 22:11:51 info: Tweet without any keyword filter received by user: "sarandipiity"
2018-11-10 22:11:51 info: Tweet by user "FlorSarrugeri" with no filtering saved to database
2018-11-10 22:11:51 info: Tweet without any keyword filter received by user: "crfrauds"
2018-11-10 22:11:51 info: Tweet by user "sarandipiity" with no filtering saved to database
2018-11-10 22:11:51 info: Tweet by user "crfrauds" with no filtering saved to database
2018-11-10 22:11:51 info: Tweet without any keyword filter received by user: "axexeo"
2018-11-10 22:11:51 info: Tweet without any keyword filter received by user: "Re21199"
2018-11-10 22:11:51 info: Tweet by user "axexeo" with no filtering saved to database
2018-11-10 22:11:51 info: Tweet by user "Re21199" with no filtering saved to database
2018-11-10 22:11:51 info: Tweet without any keyword filter received by user: "muet_d"
2018-11-10 22:11:51 info: Tweet without any keyword filter received by user: "marisaamendess"
2018-11-10 22:11:51 info: Tweet by user "muet_d" with no filtering saved to database
2018-11-10 22:11:51 info: Tweet without any keyword filter received by user: "hams144011"
2018-11-10 22:11:51 info: Tweet by user "marisaamendess" with no filtering saved to database
2018-11-10 22:11:51 info: Tweet by user "hams144011" with no filtering saved to database
2018-11-10 22:11:51 info: Tweet without any keyword filter received by user: "estabru26"
2018-11-10 22:11:51 info: Tweet without any keyword filter received by user: "Rebashoenfelt1"
2018-11-10 22:11:51 info: Tweet by user "estabru26" with no filtering saved to database
2018-11-10 22:11:51 info: Tweet without any keyword filter received by user: "alfredoorozcol2"
2018-11-10 22:11:51 info: Tweet by user "Rebashoenfelt1" with no filtering saved to database
2018-11-10 22:11:51 info: Tweet without any keyword filter received by user: "_alexaamm"
2018-11-10 22:11:51 info: Tweet by user "alfredoorozcol2" with no filtering saved to database
2018-11-10 22:11:51 info: Tweet by user "_alexaamm" with no filtering saved to database
2018-11-10 22:11:51 info: Tweet without any keyword filter received by user: "maddysanch98"
2018-11-10 22:11:51 info: Tweet without any keyword filter received by user: "cemanuelperez99"
2018-11-10 22:11:51 info: Tweet by user "maddysanch98" with no filtering saved to database
2018-11-10 22:11:51 info: Tweet without any keyword filter received by user: "letsrollamerica"
2018-11-10 22:11:51 info: Tweet by user "cemanuelperez99" with no filtering saved to database
2018-11-10 22:11:51 info: Tweet by user "letsrollamerica" with no filtering saved to database
2018-11-10 22:11:52 info: Tweet without any keyword filter received by user: "CristalDeRose"
2018-11-10 22:11:52 info: Tweet without any keyword filter received by user: "antipas66"
2018-11-10 22:11:52 info: Tweet by user "CristalDeRose" with no filtering saved to database
2018-11-10 22:11:52 info: Tweet without any keyword filter received by user: "Chamber_K_6626"
2018-11-10 22:11:52 info: Tweet by user "antipas66" with no filtering saved to database
2018-11-10 22:11:52 info: Tweet without any keyword filter received by user: "LaraLawrence12"
2018-11-10 22:11:52 info: Tweet by user "Chamber_K_6626" with no filtering saved to database
2018-11-10 22:11:52 info: Tweet without any keyword filter received by user: "PoaGUZq1NcxYhXX"
2018-11-10 22:11:52 info: Tweet by user "LaraLawrence12" with no filtering saved to database
2018-11-10 22:11:52 info: Tweet without any keyword filter received by user: "zarii_salgado"
2018-11-10 22:11:52 info: Tweet by user "PoaGUZq1NcxYhXX" with no filtering saved to database
2018-11-10 22:11:52 info: Tweet by user "zarii_salgado" with no filtering saved to database
2018-11-10 22:11:52 info: Tweet without any keyword filter received by user: "Sobergirl3393"
2018-11-10 22:11:52 info: Tweet without any keyword filter received by user: "AlSumaih"
2018-11-10 22:11:52 info: Tweet by user "Sobergirl3393" with no filtering saved to database
2018-11-10 22:11:52 info: Tweet without any keyword filter received by user: "Josie74018450"
2018-11-10 22:11:52 info: Tweet by user "AlSumaih" with no filtering saved to database
2018-11-10 22:11:52 info: Tweet without any keyword filter received by user: "wasaief94"
2018-11-10 22:11:52 info: Tweet by user "Josie74018450" with no filtering saved to database
2018-11-10 22:11:52 info: Tweet by user "wasaief94" with no filtering saved to database
2018-11-10 22:11:52 info: Tweet without any keyword filter received by user: "DrummingOf"
2018-11-10 22:11:52 info: Tweet without any keyword filter received by user: "buluk120"
2018-11-10 22:11:52 info: Tweet by user "DrummingOf" with no filtering saved to database
2018-11-10 22:11:52 info: Tweet by user "buluk120" with no filtering saved to database
2018-11-10 22:11:52 info: Tweet without any keyword filter received by user: "dreamshogaza"
2018-11-10 22:11:52 info: Tweet without any keyword filter received by user: "Yeux70185019"
2018-11-10 22:11:52 info: Tweet by user "dreamshogaza" with no filtering saved to database
2018-11-10 22:11:52 info: Tweet without any keyword filter received by user: "MagicAndre1981"
2018-11-10 22:11:52 info: The number of tweets received using GET REST API are: 100
2018-11-10 22:11:52 info: Tweet by user "Yeux70185019" with no filtering saved to database
2018-11-10 22:11:52 info: Tweet by user "MagicAndre1981" with no filtering saved to database
2018-11-10 22:11:52 info: Tweet without any keyword filter received by user: "minsugagguk"
2018-11-10 22:11:52 info: Tweet by user "minsugagguk" with no filtering saved to database
2018-11-10 22:11:52 info: All tweets using since REST call have been successfully saved in the database.
2018-11-10 22:11:52 info: Tweet without any keyword filter received by user: "snowdenlit"
2018-11-10 22:11:52 info: Tweet by user "snowdenlit" with no filtering saved to database
2018-11-10 22:11:52 info: Keyword being searched for via the twitter REST call is: arsenal
2018-11-10 22:11:52 info: The number of tweets received using GET REST API are: 100
2018-11-10 22:11:52 info: Tweet without any keyword filter received by user: "yudxvv"
2018-11-10 22:11:52 info: Tweet by user "yudxvv" with no filtering saved to database
2018-11-10 22:11:52 info: Tweet without any keyword filter received by user: "lawyerbeesh"
2018-11-10 22:11:52 info: Tweet by user "lawyerbeesh" with no filtering saved to database
2018-11-10 22:11:52 info: Tweet without any keyword filter received by user: "siIennay"
2018-11-10 22:11:52 info: Tweet without any keyword filter received by user: "lilmeowhan"
2018-11-10 22:11:52 info: Tweet by user "siIennay" with no filtering saved to database
2018-11-10 22:11:52 info: Tweet by user "lilmeowhan" with no filtering saved to database
2018-11-10 22:11:52 info: Tweet without any keyword filter received by user: "zzoguz"
2018-11-10 22:11:52 info: Tweet without any keyword filter received by user: "BarbaraBaan"
2018-11-10 22:11:52 info: Tweet by user "zzoguz" with no filtering saved to database
2018-11-10 22:11:52 info: Tweet without any keyword filter received by user: "Snurina1998"
2018-11-10 22:11:52 info: Tweet by user "BarbaraBaan" with no filtering saved to database
2018-11-10 22:11:52 info: Tweet by user "Snurina1998" with no filtering saved to database
2018-11-10 22:11:52 info: Tweet without any keyword filter received by user: "jpsenareis"
2018-11-10 22:11:52 info: Tweet without any keyword filter received by user: "Loladelasrosas"
2018-11-10 22:11:52 info: Tweet by user "jpsenareis" with no filtering saved to database
2018-11-10 22:11:52 info: Tweet without any keyword filter received by user: "NikkiM_Art"
2018-11-10 22:11:52 info: Tweet by user "Loladelasrosas" with no filtering saved to database
2018-11-10 22:11:52 info: Tweet by user "NikkiM_Art" with no filtering saved to database
2018-11-10 22:11:53 info: Tweet without any keyword filter received by user: "JorgeParadaR"
2018-11-10 22:11:53 info: Tweet by user "JorgeParadaR" with no filtering saved to database
2018-11-10 22:11:53 info: Tweet without any keyword filter received by user: "JustusTx"
2018-11-10 22:11:53 info: Tweet by user "JustusTx" with no filtering saved to database
2018-11-10 22:11:53 info: Tweet without any keyword filter received by user: "madalenag23"
2018-11-10 22:11:53 info: Tweet without any keyword filter received by user: "sebnemm_kosar"
2018-11-10 22:11:53 info: Tweet by user "madalenag23" with no filtering saved to database
2018-11-10 22:11:53 info: Tweet by user "sebnemm_kosar" with no filtering saved to database
2018-11-10 22:11:53 info: Tweet without any keyword filter received by user: "scottphillips96"
2018-11-10 22:11:53 info: Tweet without any keyword filter received by user: "eromeromerom"
2018-11-10 22:11:53 info: Tweet by user "scottphillips96" with no filtering saved to database
2018-11-10 22:11:53 info: Tweet by user "eromeromerom" with no filtering saved to database
2018-11-10 22:11:53 info: Tweet without any keyword filter received by user: "TransZoroark"
2018-11-10 22:11:53 info: Tweet without any keyword filter received by user: "Bibivazquez191"
2018-11-10 22:11:53 info: Tweet by user "TransZoroark" with no filtering saved to database
2018-11-10 22:11:53 info: Tweet without any keyword filter received by user: "Breals_World"
2018-11-10 22:11:53 info: Tweet by user "Bibivazquez191" with no filtering saved to database
2018-11-10 22:11:53 info: Tweet without any keyword filter received by user: "EveryoneIsDirty"
2018-11-10 22:11:53 info: Tweet by user "Breals_World" with no filtering saved to database
2018-11-10 22:11:53 info: Tweet by user "EveryoneIsDirty" with no filtering saved to database
2018-11-10 22:11:53 info: Tweet without any keyword filter received by user: "saanchezriv"
2018-11-10 22:11:53 info: Tweet without any keyword filter received by user: "_ALEMANHA"
2018-11-10 22:11:53 info: Tweet by user "saanchezriv" with no filtering saved to database
2018-11-10 22:11:53 info: Tweet by user "_ALEMANHA" with no filtering saved to database
2018-11-10 22:11:53 info: Tweet without any keyword filter received by user: "pannasaddam"
2018-11-10 22:11:53 info: Tweet by user "pannasaddam" with no filtering saved to database
2018-11-10 22:11:53 info: Tweet without any keyword filter received by user: "meeeeliiiissaaa"
2018-11-10 22:11:53 info: Tweet without any keyword filter received by user: "BlackIronSnake"
2018-11-10 22:11:53 info: Tweet by user "meeeeliiiissaaa" with no filtering saved to database
2018-11-10 22:11:53 info: Tweet by user "BlackIronSnake" with no filtering saved to database
2018-11-10 22:11:53 info: Tweet without any keyword filter received by user: "Evabicho"
2018-11-10 22:11:53 info: Tweet without any keyword filter received by user: "rafaelsiewertt"
2018-11-10 22:11:53 info: Tweet by user "Evabicho" with no filtering saved to database
2018-11-10 22:11:53 info: Tweet by user "rafaelsiewertt" with no filtering saved to database
2018-11-10 22:11:53 info: Tweet without any keyword filter received by user: "nnatalieo"
2018-11-10 22:11:53 info: Tweet without any keyword filter received by user: "BigTimeSalwa"
2018-11-10 22:11:53 info: Tweet by user "nnatalieo" with no filtering saved to database
2018-11-10 22:11:53 info: Tweet without any keyword filter received by user: "foolsliamwgold"
2018-11-10 22:11:53 info: All tweets using since REST call have been successfully saved in the database.
2018-11-10 22:11:53 info: Tweet by user "BigTimeSalwa" with no filtering saved to database
2018-11-10 22:11:53 info: Tweet by user "foolsliamwgold" with no filtering saved to database
2018-11-10 22:11:53 info: Tweet without any keyword filter received by user: "Miraanddaaaa"
2018-11-10 22:11:53 info: Tweet without any keyword filter received by user: "_MindOfMando"
2018-11-10 22:11:53 info: Tweet without any keyword filter received by user: "ModesttPrince"
2018-11-10 22:11:53 info: Tweet by user "Miraanddaaaa" with no filtering saved to database
2018-11-10 22:11:53 info: Tweet by user "_MindOfMando" with no filtering saved to database
2018-11-10 22:11:53 info: Tweet by user "ModesttPrince" with no filtering saved to database
2018-11-10 22:11:53 info: Tweet without any keyword filter received by user: "profesortbaker"
2018-11-10 22:11:53 info: Tweet without any keyword filter received by user: "TryAgai19683269"
2018-11-10 22:11:53 info: Tweet without any keyword filter received by user: "alexzies"
2018-11-10 22:11:53 info: Tweet by user "profesortbaker" with no filtering saved to database
2018-11-10 22:11:53 info: Tweet without any keyword filter received by user: "HakanAk51791533"
2018-11-10 22:11:53 info: Tweet by user "TryAgai19683269" with no filtering saved to database
2018-11-10 22:11:53 info: Tweet by user "alexzies" with no filtering saved to database
2018-11-10 22:11:53 info: Tweet by user "HakanAk51791533" with no filtering saved to database
2018-11-10 22:11:53 info: Tweet without any keyword filter received by user: "Juderhj"
2018-11-10 22:11:53 info: Tweet by user "Juderhj" with no filtering saved to database
2018-11-10 22:11:53 info: Tweet without any keyword filter received by user: "wtfjaguarz"
2018-11-10 22:11:53 info: Tweet without any keyword filter received by user: "TmakiKyoto"
2018-11-10 22:11:53 info: Tweet by user "wtfjaguarz" with no filtering saved to database
2018-11-10 22:11:53 info: Tweet by user "TmakiKyoto" with no filtering saved to database
2018-11-10 22:11:53 info: Tweet without any keyword filter received by user: "letroulette"
2018-11-10 22:11:53 info: Tweet by user "letroulette" with no filtering saved to database
2018-11-10 22:11:53 info: Tweet without any keyword filter received by user: "tannerhoss"
2018-11-10 22:11:53 info: Tweet by user "tannerhoss" with no filtering saved to database
2018-11-10 22:11:53 info: Keyword being searched for via the twitter REST call is: thanksgiving
2018-11-10 22:11:53 info: Tweet without any keyword filter received by user: "Mvcnificent"
2018-11-10 22:11:53 info: Tweet by user "Mvcnificent" with no filtering saved to database
2018-11-10 22:11:53 info: The number of tweets received using GET REST API are: 100
2018-11-10 22:11:53 info: Tweet without any keyword filter received by user: "4mS9w55RMTqQCSr"
2018-11-10 22:11:53 info: Tweet by user "4mS9w55RMTqQCSr" with no filtering saved to database
2018-11-10 22:11:53 info: Tweet without any keyword filter received by user: "T73taylorTerry"
2018-11-10 22:11:53 info: Tweet by user "T73taylorTerry" with no filtering saved to database
2018-11-10 22:11:53 info: Tweet without any keyword filter received by user: "isritaTKD"
2018-11-10 22:11:53 info: Tweet by user "isritaTKD" with no filtering saved to database
2018-11-10 22:11:53 info: Tweet without any keyword filter received by user: "manonduperron"
2018-11-10 22:11:53 info: Tweet without any keyword filter received by user: "cuHu8hlUoeIOHDU"
2018-11-10 22:11:53 info: Tweet by user "manonduperron" with no filtering saved to database
2018-11-10 22:11:53 info: Tweet without any keyword filter received by user: "lizzykuch"
2018-11-10 22:11:53 info: Tweet by user "cuHu8hlUoeIOHDU" with no filtering saved to database
2018-11-10 22:11:53 info: Tweet by user "lizzykuch" with no filtering saved to database
2018-11-10 22:11:53 info: Tweet without any keyword filter received by user: "1semacelikk"
2018-11-10 22:11:53 info: Tweet without any keyword filter received by user: "Adorezalfiexo"
2018-11-10 22:11:53 info: Tweet by user "1semacelikk" with no filtering saved to database
2018-11-10 22:11:53 info: Tweet without any keyword filter received by user: "Chiwizz1"
2018-11-10 22:11:53 info: Tweet by user "Adorezalfiexo" with no filtering saved to database
2018-11-10 22:11:54 info: Tweet by user "Chiwizz1" with no filtering saved to database
2018-11-10 22:11:54 info: Tweet without any keyword filter received by user: "lioncub091"
2018-11-10 22:11:54 info: Tweet without any keyword filter received by user: "inuibuki_bot"
2018-11-10 22:11:54 info: Tweet by user "lioncub091" with no filtering saved to database
2018-11-10 22:11:54 info: Tweet by user "inuibuki_bot" with no filtering saved to database
2018-11-10 22:11:54 info: Tweet without any keyword filter received by user: "catwater1234"
2018-11-10 22:11:54 info: Tweet without any keyword filter received by user: "StarsQA"
2018-11-10 22:11:54 info: Tweet by user "catwater1234" with no filtering saved to database
2018-11-10 22:11:54 info: Tweet without any keyword filter received by user: "dim_nug"
2018-11-10 22:11:54 info: Tweet by user "StarsQA" with no filtering saved to database
2018-11-10 22:11:54 info: Tweet by user "dim_nug" with no filtering saved to database
2018-11-10 22:11:54 info: Tweet without any keyword filter received by user: "camn94"
2018-11-10 22:11:54 info: Tweet without any keyword filter received by user: "moh7madhomod"
2018-11-10 22:11:54 info: Tweet by user "camn94" with no filtering saved to database
2018-11-10 22:11:54 info: Tweet by user "moh7madhomod" with no filtering saved to database
2018-11-10 22:11:54 info: Tweet without any keyword filter received by user: "mironuts"
2018-11-10 22:11:54 info: Tweet by user "mironuts" with no filtering saved to database
2018-11-10 22:11:54 info: Tweet without any keyword filter received by user: "marcio50lino"
2018-11-10 22:11:54 info: All tweets using since REST call have been successfully saved in the database.
2018-11-10 22:11:54 info: Tweet without any keyword filter received by user: "qxeenjopay_"
2018-11-10 22:11:54 info: Tweet by user "marcio50lino" with no filtering saved to database
2018-11-10 22:11:54 info: Tweet without any keyword filter received by user: "PerryOBree"
2018-11-10 22:11:54 info: Tweet by user "qxeenjopay_" with no filtering saved to database
2018-11-10 22:11:54 info: Tweet without any keyword filter received by user: "DudaGuimares16"
2018-11-10 22:11:54 info: Tweet by user "PerryOBree" with no filtering saved to database
2018-11-10 22:11:54 info: Tweet by user "DudaGuimares16" with no filtering saved to database
2018-11-10 22:11:54 info: Tweet without any keyword filter received by user: "svmsvmsv"
2018-11-10 22:11:54 info: Tweet by user "svmsvmsv" with no filtering saved to database
2018-11-10 22:11:54 info: Tweet without any keyword filter received by user: "macarenagarzon"
2018-11-10 22:11:54 info: Tweet by user "macarenagarzon" with no filtering saved to database
2018-11-10 22:11:54 info: Tweet without any keyword filter received by user: "Ashley_ennie"
2018-11-10 22:11:54 info: Tweet by user "Ashley_ennie" with no filtering saved to database
2018-11-10 22:11:54 info: Keyword being searched for via the twitter REST call is: maher
2018-11-10 22:11:54 info: Tweet without any keyword filter received by user: "sneaker_myth"
2018-11-10 22:11:54 info: Tweet by user "sneaker_myth" with no filtering saved to database
2018-11-10 22:11:54 info: Tweet without any keyword filter received by user: "stalbolheim"
2018-11-10 22:11:54 info: Tweet by user "stalbolheim" with no filtering saved to database
2018-11-10 22:11:54 info: The number of tweets received using GET REST API are: 100
2018-11-10 22:11:54 info: Tweet without any keyword filter received by user: "vocaro4625"
2018-11-10 22:11:54 info: Tweet by user "vocaro4625" with no filtering saved to database
2018-11-10 22:11:54 info: Tweet without any keyword filter received by user: "AdamsOnHockey"
2018-11-10 22:11:54 info: Tweet without any keyword filter received by user: "WrestlingDorks"
2018-11-10 22:11:54 info: Tweet by user "AdamsOnHockey" with no filtering saved to database
2018-11-10 22:11:54 info: Tweet without any keyword filter received by user: "KHA_301"
2018-11-10 22:11:54 info: Tweet by user "WrestlingDorks" with no filtering saved to database
2018-11-10 22:11:54 info: Tweet by user "KHA_301" with no filtering saved to database
2018-11-10 22:11:54 info: Tweet without any keyword filter received by user: "iDoitNoNike"
2018-11-10 22:11:54 info: Tweet without any keyword filter received by user: "Obiju_4"
2018-11-10 22:11:54 info: Tweet by user "iDoitNoNike" with no filtering saved to database
2018-11-10 22:11:54 info: Tweet without any keyword filter received by user: "bitencourt_sp"
2018-11-10 22:11:54 info: Tweet by user "Obiju_4" with no filtering saved to database
2018-11-10 22:11:54 info: Tweet by user "bitencourt_sp" with no filtering saved to database
2018-11-10 22:11:54 info: Tweet without any keyword filter received by user: "O2GLLY"
2018-11-10 22:11:54 info: Tweet without any keyword filter received by user: "MelonP_pokemon"
2018-11-10 22:11:54 info: Tweet by user "O2GLLY" with no filtering saved to database
2018-11-10 22:11:54 info: Tweet without any keyword filter received by user: "casabaca"
2018-11-10 22:11:55 info: Tweet by user "MelonP_pokemon" with no filtering saved to database
2018-11-10 22:11:55 info: Tweet without any keyword filter received by user: "disperatoamadeo"
2018-11-10 22:11:55 info: Tweet by user "casabaca" with no filtering saved to database
2018-11-10 22:11:55 info: Tweet by user "disperatoamadeo" with no filtering saved to database
2018-11-10 22:11:55 info: Tweet without any keyword filter received by user: "adriirodriguezr"
2018-11-10 22:11:55 info: Tweet by user "adriirodriguezr" with no filtering saved to database
2018-11-10 22:11:55 info: Tweet without any keyword filter received by user: "rNpG57kjmxfOR4G"
2018-11-10 22:11:55 info: Tweet by user "rNpG57kjmxfOR4G" with no filtering saved to database
2018-11-10 22:11:55 info: Tweet without any keyword filter received by user: "Vilhenaa11"
2018-11-10 22:11:55 info: Tweet without any keyword filter received by user: "helenhims"
2018-11-10 22:11:55 info: Tweet by user "Vilhenaa11" with no filtering saved to database
2018-11-10 22:11:55 info: Tweet without any keyword filter received by user: "mS22OKa10rmY"
2018-11-10 22:11:55 info: Tweet by user "helenhims" with no filtering saved to database
2018-11-10 22:11:55 info: All tweets using since REST call have been successfully saved in the database.
2018-11-10 22:11:55 info: Tweet by user "mS22OKa10rmY" with no filtering saved to database
2018-11-10 22:11:55 info: Tweet without any keyword filter received by user: "stephuhneeee"
2018-11-10 22:11:55 info: Tweet without any keyword filter received by user: "__ITT1"
2018-11-10 22:11:55 info: Tweet by user "stephuhneeee" with no filtering saved to database
2018-11-10 22:11:55 info: Tweet by user "__ITT1" with no filtering saved to database
2018-11-10 22:11:55 info: Tweet without any keyword filter received by user: "armyveteran13"
2018-11-10 22:11:55 info: Tweet by user "armyveteran13" with no filtering saved to database
2018-11-10 22:11:55 info: Tweet without any keyword filter received by user: "93zaynirwin94"
2018-11-10 22:11:55 info: Tweet without any keyword filter received by user: "143daddyo"
2018-11-10 22:11:55 info: Tweet by user "93zaynirwin94" with no filtering saved to database
2018-11-10 22:11:55 info: Tweet without any keyword filter received by user: "BXoEY5AduANtb6A"
2018-11-10 22:11:55 info: Tweet by user "143daddyo" with no filtering saved to database
2018-11-10 22:11:55 info: Tweet by user "BXoEY5AduANtb6A" with no filtering saved to database
2018-11-10 22:11:55 info: Tweet without any keyword filter received by user: "eileenthecoast"
2018-11-10 22:11:55 info: Tweet without any keyword filter received by user: "fagundezcertad1"
2018-11-10 22:11:55 info: Tweet by user "eileenthecoast" with no filtering saved to database
2018-11-10 22:11:55 info: Tweet without any keyword filter received by user: "MatthewR487"
2018-11-10 22:11:55 info: Tweet by user "fagundezcertad1" with no filtering saved to database
2018-11-10 22:11:55 info: Tweet without any keyword filter received by user: "padweller"
2018-11-10 22:11:55 info: Tweet by user "MatthewR487" with no filtering saved to database
2018-11-10 22:11:55 info: Tweet without any keyword filter received by user: "ZIGI_4341"
2018-11-10 22:11:55 info: Tweet by user "padweller" with no filtering saved to database
2018-11-10 22:11:55 info: Tweet by user "ZIGI_4341" with no filtering saved to database
2018-11-10 22:11:55 info: Tweet without any keyword filter received by user: "fairy_chipi_"
2018-11-10 22:11:55 info: Tweet without any keyword filter received by user: "Dani_Lobinho"
2018-11-10 22:11:55 info: Tweet by user "fairy_chipi_" with no filtering saved to database
2018-11-10 22:11:55 info: Tweet without any keyword filter received by user: "tutaa57"
2018-11-10 22:11:55 info: Tweet by user "Dani_Lobinho" with no filtering saved to database
2018-11-10 22:11:55 info: Tweet without any keyword filter received by user: "TwitchSIE"
2018-11-10 22:11:55 info: Tweet by user "tutaa57" with no filtering saved to database
2018-11-10 22:11:55 info: Tweet by user "TwitchSIE" with no filtering saved to database
2018-11-10 22:11:55 info: Tweet without any keyword filter received by user: "xedwrdstouch"
2018-11-10 22:11:55 info: Tweet by user "xedwrdstouch" with no filtering saved to database
2018-11-10 22:11:55 info: Tweet without any keyword filter received by user: "YUKI_88_nix"
2018-11-10 22:11:55 info: Tweet by user "YUKI_88_nix" with no filtering saved to database
2018-11-10 22:11:55 info: Tweet without any keyword filter received by user: "SvetlanaKisely1"
2018-11-10 22:11:55 info: Tweet by user "SvetlanaKisely1" with no filtering saved to database
2018-11-10 22:11:55 info: Keyword being searched for via the twitter REST call is: kejriwal
2018-11-10 22:11:55 info: Tweet without any keyword filter received by user: "jh11mana"
2018-11-10 22:11:55 info: Tweet by user "jh11mana" with no filtering saved to database
2018-11-10 22:11:55 info: The number of tweets received using GET REST API are: 100
2018-11-10 22:11:55 info: Tweet without any keyword filter received by user: "ShacorayJafay_"
2018-11-10 22:11:55 info: Tweet by user "ShacorayJafay_" with no filtering saved to database
2018-11-10 22:11:55 info: Tweet without any keyword filter received by user: "sol_coups"
2018-11-10 22:11:55 info: Tweet by user "sol_coups" with no filtering saved to database
2018-11-10 22:11:55 info: Tweet without any keyword filter received by user: "MattielloAlan"
2018-11-10 22:11:55 info: Tweet without any keyword filter received by user: "DSmithScenes"
2018-11-10 22:11:55 info: Tweet by user "MattielloAlan" with no filtering saved to database
2018-11-10 22:11:55 info: Tweet by user "DSmithScenes" with no filtering saved to database
2018-11-10 22:11:55 info: Tweet without any keyword filter received by user: "sicario_79"
2018-11-10 22:11:55 info: Tweet without any keyword filter received by user: "abudz666"
2018-11-10 22:11:55 info: Tweet by user "sicario_79" with no filtering saved to database
2018-11-10 22:11:55 info: Tweet without any keyword filter received by user: "medaka14"
2018-11-10 22:11:55 info: Tweet by user "abudz666" with no filtering saved to database
2018-11-10 22:11:55 info: Tweet by user "medaka14" with no filtering saved to database
2018-11-10 22:11:55 info: Tweet without any keyword filter received by user: "Zepa_nantoka"
2018-11-10 22:11:55 info: Tweet without any keyword filter received by user: "TDWOOD213"
2018-11-10 22:11:55 info: Tweet without any keyword filter received by user: "ValuPuglisi"
2018-11-10 22:11:55 info: Tweet by user "Zepa_nantoka" with no filtering saved to database
2018-11-10 22:11:55 info: Tweet by user "TDWOOD213" with no filtering saved to database
2018-11-10 22:11:55 info: Tweet by user "ValuPuglisi" with no filtering saved to database
2018-11-10 22:11:55 info: Tweet without any keyword filter received by user: "daikon01"
2018-11-10 22:11:55 info: Tweet without any keyword filter received by user: "gnosiennes"
2018-11-10 22:11:56 info: Tweet by user "daikon01" with no filtering saved to database
2018-11-10 22:11:56 info: Tweet without any keyword filter received by user: "So_krh7"
2018-11-10 22:11:56 info: Tweet by user "gnosiennes" with no filtering saved to database
2018-11-10 22:11:56 info: Tweet by user "So_krh7" with no filtering saved to database
2018-11-10 22:11:56 info: Tweet without any keyword filter received by user: "alzeam909"
2018-11-10 22:11:56 info: Tweet by user "alzeam909" with no filtering saved to database
2018-11-10 22:11:56 info: Tweet without any keyword filter received by user: "MattersPakistan"
2018-11-10 22:11:56 info: Tweet by user "MattersPakistan" with no filtering saved to database
2018-11-10 22:11:56 info: Tweet without any keyword filter received by user: "karagz94767359"
2018-11-10 22:11:56 info: Tweet without any keyword filter received by user: "mssp_fkae_bot"
2018-11-10 22:11:56 info: Tweet by user "karagz94767359" with no filtering saved to database
2018-11-10 22:11:56 info: Tweet by user "mssp_fkae_bot" with no filtering saved to database
2018-11-10 22:11:56 info: Tweet without any keyword filter received by user: "gyulnew"
2018-11-10 22:11:56 info: Tweet by user "gyulnew" with no filtering saved to database
2018-11-10 22:11:56 info: Tweet without any keyword filter received by user: "On_Point_Skillz"
2018-11-10 22:11:56 info: Tweet without any keyword filter received by user: "TMIMITU"
2018-11-10 22:11:56 info: Tweet by user "On_Point_Skillz" with no filtering saved to database
2018-11-10 22:11:56 info: Tweet without any keyword filter received by user: "mokeomotegi"
2018-11-10 22:11:56 info: Tweet by user "TMIMITU" with no filtering saved to database
2018-11-10 22:11:56 info: Tweet by user "mokeomotegi" with no filtering saved to database
2018-11-10 22:11:56 info: All tweets using since REST call have been successfully saved in the database.
2018-11-10 22:11:56 info: Tweet without any keyword filter received by user: "IsaBeckenbauer"
2018-11-10 22:11:56 info: Tweet without any keyword filter received by user: "luavna"
2018-11-10 22:11:56 info: Tweet by user "IsaBeckenbauer" with no filtering saved to database
2018-11-10 22:11:56 info: Tweet without any keyword filter received by user: "riu_____purin"
2018-11-10 22:11:56 info: Tweet by user "luavna" with no filtering saved to database
2018-11-10 22:11:56 info: Tweet by user "riu_____purin" with no filtering saved to database
2018-11-10 22:11:56 info: Tweet without any keyword filter received by user: "Tanakaktmk"
2018-11-10 22:11:56 info: Tweet without any keyword filter received by user: "ldelunix"
2018-11-10 22:11:56 info: Tweet by user "Tanakaktmk" with no filtering saved to database
2018-11-10 22:11:56 info: Tweet by user "ldelunix" with no filtering saved to database
2018-11-10 22:11:56 info: Tweet without any keyword filter received by user: "__aqdar"
2018-11-10 22:11:56 info: Tweet by user "__aqdar" with no filtering saved to database
2018-11-10 22:11:56 info: Tweet without any keyword filter received by user: "jesssssiiiiica"
2018-11-10 22:11:56 info: Tweet without any keyword filter received by user: "MHW_ku_gin"
2018-11-10 22:11:56 info: Tweet by user "jesssssiiiiica" with no filtering saved to database
2018-11-10 22:11:56 info: Tweet by user "MHW_ku_gin" with no filtering saved to database
2018-11-10 22:11:56 info: Tweet without any keyword filter received by user: "Gaber99Moh"
2018-11-10 22:11:56 info: Tweet by user "Gaber99Moh" with no filtering saved to database
2018-11-10 22:11:56 info: Keyword being searched for via the twitter REST call is: wwe
2018-11-10 22:11:56 info: The number of tweets received using GET REST API are: 100
2018-11-10 22:11:56 info: Tweet without any keyword filter received by user: "sahar_der"
2018-11-10 22:11:56 info: Tweet by user "sahar_der" with no filtering saved to database
2018-11-10 22:11:56 info: Tweet without any keyword filter received by user: "CARMENCELITA"
2018-11-10 22:11:56 info: Tweet by user "CARMENCELITA" with no filtering saved to database
2018-11-10 22:11:56 info: Tweet without any keyword filter received by user: "watanebe95"
2018-11-10 22:11:56 info: Tweet without any keyword filter received by user: "Montanaindy"
2018-11-10 22:11:56 info: Tweet by user "watanebe95" with no filtering saved to database
2018-11-10 22:11:56 info: Tweet without any keyword filter received by user: "iituu___rpz2236"
2018-11-10 22:11:56 info: Tweet by user "Montanaindy" with no filtering saved to database
2018-11-10 22:11:56 info: Tweet without any keyword filter received by user: "magicIetters"
2018-11-10 22:11:56 info: Tweet by user "iituu___rpz2236" with no filtering saved to database
2018-11-10 22:11:56 info: Tweet by user "magicIetters" with no filtering saved to database
2018-11-10 22:11:56 info: Tweet without any keyword filter received by user: "Offiiciial_68"
2018-11-10 22:11:56 info: Tweet without any keyword filter received by user: "ggukly_taken"
2018-11-10 22:11:56 info: Tweet without any keyword filter received by user: "R0ck3tQueen"
2018-11-10 22:11:56 info: Tweet by user "Offiiciial_68" with no filtering saved to database
2018-11-10 22:11:56 info: Tweet by user "ggukly_taken" with no filtering saved to database
2018-11-10 22:11:56 info: Tweet without any keyword filter received by user: "JuliusIIV"
2018-11-10 22:11:56 info: Tweet by user "R0ck3tQueen" with no filtering saved to database
2018-11-10 22:11:56 info: Tweet without any keyword filter received by user: "Kellyyeue"
2018-11-10 22:11:56 info: Tweet by user "JuliusIIV" with no filtering saved to database
2018-11-10 22:11:56 info: Tweet by user "Kellyyeue" with no filtering saved to database
2018-11-10 22:11:57 info: Tweet without any keyword filter received by user: "Nabilarhmc"
2018-11-10 22:11:57 info: Tweet by user "Nabilarhmc" with no filtering saved to database
2018-11-10 22:11:57 info: Tweet without any keyword filter received by user: "Azucat13"
2018-11-10 22:11:57 info: Tweet by user "Azucat13" with no filtering saved to database
2018-11-10 22:11:57 info: Tweet without any keyword filter received by user: "GNSoomro5"
2018-11-10 22:11:57 info: Tweet by user "GNSoomro5" with no filtering saved to database
2018-11-10 22:11:57 info: Tweet without any keyword filter received by user: "PositiveChgeJMO"
2018-11-10 22:11:57 info: Tweet by user "PositiveChgeJMO" with no filtering saved to database
2018-11-10 22:11:57 info: Tweet without any keyword filter received by user: "barazokunobara"
2018-11-10 22:11:57 info: Tweet by user "barazokunobara" with no filtering saved to database
2018-11-10 22:11:57 info: Tweet without any keyword filter received by user: "ArthurBdt18"
2018-11-10 22:11:57 info: Tweet without any keyword filter received by user: "juttechan"
2018-11-10 22:11:57 info: Tweet by user "ArthurBdt18" with no filtering saved to database
2018-11-10 22:11:57 info: Tweet by user "juttechan" with no filtering saved to database
2018-11-10 22:11:57 info: Tweet without any keyword filter received by user: "_mandani"
2018-11-10 22:11:57 info: Tweet without any keyword filter received by user: "lucianojul81"
2018-11-10 22:11:57 info: Tweet by user "_mandani" with no filtering saved to database
2018-11-10 22:11:57 info: Tweet by user "lucianojul81" with no filtering saved to database
2018-11-10 22:11:57 info: Tweet without any keyword filter received by user: "Shemalovers1"
2018-11-10 22:11:57 info: Tweet without any keyword filter received by user: "PervyHokageYT"
2018-11-10 22:11:57 info: Tweet by user "Shemalovers1" with no filtering saved to database
2018-11-10 22:11:57 info: Tweet without any keyword filter received by user: "nymphoDoni"
2018-11-10 22:11:57 info: Tweet by user "PervyHokageYT" with no filtering saved to database
2018-11-10 22:11:57 info: Tweet without any keyword filter received by user: "Shawn975Parham"
2018-11-10 22:11:57 info: Tweet by user "nymphoDoni" with no filtering saved to database
2018-11-10 22:11:57 info: Tweet by user "Shawn975Parham" with no filtering saved to database
2018-11-10 22:11:57 info: Tweet without any keyword filter received by user: "TehDabKing"
2018-11-10 22:11:57 info: Tweet without any keyword filter received by user: "Michel_Salgado"
2018-11-10 22:11:57 info: Tweet by user "TehDabKing" with no filtering saved to database
2018-11-10 22:11:57 info: Tweet without any keyword filter received by user: "mojtabaSalahsh1"
2018-11-10 22:11:57 info: Tweet by user "Michel_Salgado" with no filtering saved to database
2018-11-10 22:11:57 info: Tweet without any keyword filter received by user: "FakuNavetta"
2018-11-10 22:11:57 info: Tweet by user "mojtabaSalahsh1" with no filtering saved to database
2018-11-10 22:11:57 info: Tweet by user "FakuNavetta" with no filtering saved to database
2018-11-10 22:11:57 info: Tweet without any keyword filter received by user: "mariomarmaram"
2018-11-10 22:11:57 info: Tweet by user "mariomarmaram" with no filtering saved to database
2018-11-10 22:11:57 info: Tweet without any keyword filter received by user: "YallVibeTayy"
2018-11-10 22:11:57 info: All tweets using since REST call have been successfully saved in the database.
2018-11-10 22:11:57 info: Tweet by user "YallVibeTayy" with no filtering saved to database
2018-11-10 22:11:57 info: Tweet without any keyword filter received by user: "nyc1992mk"
2018-11-10 22:11:57 info: Tweet without any keyword filter received by user: "Asayelfahad"
2018-11-10 22:11:57 info: Tweet by user "nyc1992mk" with no filtering saved to database
2018-11-10 22:11:57 info: Tweet without any keyword filter received by user: "mervatbukhari"
2018-11-10 22:11:57 info: Tweet by user "Asayelfahad" with no filtering saved to database
2018-11-10 22:11:57 info: Tweet by user "mervatbukhari" with no filtering saved to database
2018-11-10 22:11:57 info: Tweet without any keyword filter received by user: "luciahoff"
2018-11-10 22:11:57 info: Tweet by user "luciahoff" with no filtering saved to database
2018-11-10 22:11:57 info: Keyword being searched for via the twitter REST call is: autumn
2018-11-10 22:11:57 info: The number of tweets received using GET REST API are: 100
2018-11-10 22:11:57 info: Tweet without any keyword filter received by user: "lala13397"
2018-11-10 22:11:57 info: Tweet by user "lala13397" with no filtering saved to database
2018-11-10 22:11:57 info: Tweet without any keyword filter received by user: "succsnails"
2018-11-10 22:11:57 info: Tweet without any keyword filter received by user: "TokyoLiftOff"
2018-11-10 22:11:57 info: Tweet by user "succsnails" with no filtering saved to database
2018-11-10 22:11:57 info: Tweet by user "TokyoLiftOff" with no filtering saved to database
2018-11-10 22:11:57 info: Tweet without any keyword filter received by user: "Hiba76Sh"
2018-11-10 22:11:57 info: Tweet by user "Hiba76Sh" with no filtering saved to database
2018-11-10 22:11:57 info: Tweet without any keyword filter received by user: "ViniLaRocque"
2018-11-10 22:11:57 info: Tweet by user "ViniLaRocque" with no filtering saved to database
2018-11-10 22:11:57 info: Tweet without any keyword filter received by user: "adamek97531"
2018-11-10 22:11:57 info: Tweet by user "adamek97531" with no filtering saved to database
2018-11-10 22:11:57 info: Tweet without any keyword filter received by user: "thejankerbrasil"
2018-11-10 22:11:57 info: Tweet without any keyword filter received by user: "Eliminad_"
2018-11-10 22:11:57 info: Tweet by user "thejankerbrasil" with no filtering saved to database
2018-11-10 22:11:57 info: Tweet by user "Eliminad_" with no filtering saved to database
2018-11-10 22:11:57 info: Tweet without any keyword filter received by user: "LDuarte_LF"
2018-11-10 22:11:57 info: Tweet without any keyword filter received by user: "trolilol_660"
2018-11-10 22:11:57 info: Tweet by user "LDuarte_LF" with no filtering saved to database
2018-11-10 22:11:57 info: Tweet by user "trolilol_660" with no filtering saved to database
2018-11-10 22:11:57 info: Tweet without any keyword filter received by user: "MonkeyDvini"
2018-11-10 22:11:57 info: Tweet without any keyword filter received by user: "yuri050789"
2018-11-10 22:11:57 info: Tweet by user "MonkeyDvini" with no filtering saved to database
2018-11-10 22:11:57 info: Tweet without any keyword filter received by user: "EdikTrofimov"
2018-11-10 22:11:57 info: Tweet by user "yuri050789" with no filtering saved to database
2018-11-10 22:11:57 info: Tweet by user "EdikTrofimov" with no filtering saved to database
2018-11-10 22:11:57 info: Tweet without any keyword filter received by user: "Duran_BT"
2018-11-10 22:11:57 info: Tweet without any keyword filter received by user: "anisdrch"
2018-11-10 22:11:57 info: Tweet without any keyword filter received by user: "laurabr02"
2018-11-10 22:11:57 info: Tweet by user "Duran_BT" with no filtering saved to database
2018-11-10 22:11:57 info: Tweet by user "anisdrch" with no filtering saved to database
2018-11-10 22:11:58 info: Tweet by user "laurabr02" with no filtering saved to database
2018-11-10 22:11:58 info: Tweet without any keyword filter received by user: "Desie_C"
2018-11-10 22:11:58 info: Tweet without any keyword filter received by user: "eatfridayfish"
2018-11-10 22:11:58 info: Tweet by user "Desie_C" with no filtering saved to database
2018-11-10 22:11:58 info: Tweet without any keyword filter received by user: "AgungWidrajat"
2018-11-10 22:11:58 info: Tweet by user "eatfridayfish" with no filtering saved to database
2018-11-10 22:11:58 info: Tweet without any keyword filter received by user: "natasyaaurillad"
2018-11-10 22:11:58 info: Tweet by user "AgungWidrajat" with no filtering saved to database
2018-11-10 22:11:58 info: Tweet by user "natasyaaurillad" with no filtering saved to database
2018-11-10 22:11:58 info: Tweet without any keyword filter received by user: "EddyVerasp"
2018-11-10 22:11:58 info: Tweet without any keyword filter received by user: "Naominina5"
2018-11-10 22:11:58 info: Tweet by user "EddyVerasp" with no filtering saved to database
2018-11-10 22:11:58 info: Tweet by user "Naominina5" with no filtering saved to database
2018-11-10 22:11:58 info: Tweet without any keyword filter received by user: "MattDolding"
2018-11-10 22:11:58 info: Tweet by user "MattDolding" with no filtering saved to database
2018-11-10 22:11:58 info: Tweet without any keyword filter received by user: "jjkseuphoriaa"
2018-11-10 22:11:58 info: Tweet without any keyword filter received by user: "kitapruhlu_kadn"
2018-11-10 22:11:58 info: Tweet by user "jjkseuphoriaa" with no filtering saved to database
2018-11-10 22:11:58 info: Tweet without any keyword filter received by user: "miguelrepetto92"
2018-11-10 22:11:58 info: Tweet by user "kitapruhlu_kadn" with no filtering saved to database
2018-11-10 22:11:58 info: Tweet by user "miguelrepetto92" with no filtering saved to database
2018-11-10 22:11:58 info: Tweet without any keyword filter received by user: "mariagacevedo"
2018-11-10 22:11:58 info: Tweet without any keyword filter received by user: "__iicvr"
2018-11-10 22:11:58 info: Tweet by user "mariagacevedo" with no filtering saved to database
2018-11-10 22:11:58 info: Tweet by user "__iicvr" with no filtering saved to database
2018-11-10 22:11:58 info: Tweet without any keyword filter received by user: "valengomez74"
2018-11-10 22:11:58 info: Tweet by user "valengomez74" with no filtering saved to database
2018-11-10 22:11:58 info: Tweet without any keyword filter received by user: "if_0122"
2018-11-10 22:11:58 info: Tweet by user "if_0122" with no filtering saved to database
2018-11-10 22:11:58 info: Tweet without any keyword filter received by user: "GRAND578"
2018-11-10 22:11:58 info: Tweet by user "GRAND578" with no filtering saved to database
2018-11-10 22:11:58 info: Tweet without any keyword filter received by user: "Inaifah"
2018-11-10 22:11:58 info: All tweets using since REST call have been successfully saved in the database.
2018-11-10 22:11:58 info: Tweet without any keyword filter received by user: "hoodswood"
2018-11-10 22:11:58 info: Tweet by user "Inaifah" with no filtering saved to database
2018-11-10 22:11:58 info: Tweet by user "hoodswood" with no filtering saved to database
2018-11-10 22:11:58 info: Tweet without any keyword filter received by user: "annx_bxlle"
2018-11-10 22:11:58 info: Tweet by user "annx_bxlle" with no filtering saved to database
2018-11-10 22:11:58 info: Tweet without any keyword filter received by user: "Doctor_627"
2018-11-10 22:11:58 info: Tweet by user "Doctor_627" with no filtering saved to database
2018-11-10 22:11:58 info: Tweet without any keyword filter received by user: "Chirlote"
2018-11-10 22:11:58 info: Tweet by user "Chirlote" with no filtering saved to database
2018-11-10 22:11:58 info: Stopping the no filter stream.
2018-11-10 22:11:58 info: No filter stream ended.
2018-11-10 22:11:58 info: Stopping the keyword filter stream.
2018-11-10 22:11:58 info: Keyword filter stream ended.
2018-11-10 22:11:58 info: Stopping the location stream.
2018-11-10 22:11:58 info: Location stream ended.
2018-11-10 22:11:58 info: Number of tweets collected using REST API: 985
2018-11-10 22:11:58 info: Number of tweets collected using no filter stream: 310
2018-11-10 22:11:58 info: Number of tweets collected using keyword filter stream: 0
2018-11-10 22:11:58 info: Number of tweets collected using location filter stream: 0
2018-11-10 22:11:58 info: Total number of tweets collected using REST and STREAM are: 1295
2018-11-10 22:11:58 info: Total number of geo-tagged tweets collected using REST and STREAM are: 24
2018-11-10 22:13:58 info: No keyword filter stream started
2018-11-10 22:13:58 info: Keyword filter stream started
2018-11-10 22:13:58 info: Location filter stream started
2018-11-10 22:13:58 info: Starting the server at port number 3000
2018-11-10 22:13:58 info: Successfully connected to database
2018-11-10 22:13:58 info: The number of tweets received using GET REST API are: 100
2018-11-10 22:13:59 info: All tweets using since REST call have been successfully saved in the database.
2018-11-10 22:13:59 info: Tweet with filter keyword received by user: "ashleu_"
2018-11-10 22:13:59 info: Tweet by user "ashleu_" with keyword filtering saved to database
2018-11-10 22:13:59 info: Tweet with filter keyword received by user: "BrinEileen"
2018-11-10 22:13:59 info: Tweet by user "BrinEileen" with keyword filtering saved to database
2018-11-10 22:13:59 info: Keyword being searched for via the twitter REST call is: bbc
2018-11-10 22:13:59 info: Tweet with filter keyword received by user: "gran4702"
2018-11-10 22:13:59 info: Tweet by user "gran4702" with keyword filtering saved to database
2018-11-10 22:13:59 info: Tweet with filter keyword received by user: "mamucindy"
2018-11-10 22:13:59 info: Tweet by user "mamucindy" with keyword filtering saved to database
2018-11-10 22:13:59 info: Tweet with filter keyword received by user: "Vanessa_Motalan"
2018-11-10 22:13:59 info: Tweet by user "Vanessa_Motalan" with keyword filtering saved to database
2018-11-10 22:14:00 info: The number of tweets received using GET REST API are: 98
2018-11-10 22:14:00 info: Tweet with filter keyword received by user: "is8cm"
2018-11-10 22:14:00 info: Tweet by user "is8cm" with keyword filtering saved to database
2018-11-10 22:14:00 info: All tweets using since REST call have been successfully saved in the database.
2018-11-10 22:14:00 info: Tweet with filter keyword received by user: "twentyandtwo"
2018-11-10 22:14:00 info: Tweet by user "twentyandtwo" with keyword filtering saved to database
2018-11-10 22:14:00 info: Tweet with filter keyword received by user: "homieferreone"
2018-11-10 22:14:00 info: Tweet by user "homieferreone" with keyword filtering saved to database
2018-11-10 22:14:00 info: Keyword being searched for via the twitter REST call is: twitter
2018-11-10 22:14:00 info: Tweet with filter keyword received by user: "AngryGopher17"
2018-11-10 22:14:00 info: Tweet by user "AngryGopher17" with keyword filtering saved to database
2018-11-10 22:14:00 info: Tweet with filter keyword received by user: "prssdpnini"
2018-11-10 22:14:00 info: Tweet by user "prssdpnini" with keyword filtering saved to database
2018-11-10 22:14:00 info: Tweet with filter keyword received by user: "Lanceohara"
2018-11-10 22:14:00 info: Tweet by user "Lanceohara" with keyword filtering saved to database
2018-11-10 22:14:00 info: Tweet with filter keyword received by user: "Timxthy_"
2018-11-10 22:14:00 info: Tweet by user "Timxthy_" with keyword filtering saved to database
2018-11-10 22:14:00 info: The number of tweets received using GET REST API are: 97
2018-11-10 22:14:01 info: Tweet with filter keyword received by user: "tracy_joynson"
2018-11-10 22:14:01 info: Tweet by user "tracy_joynson" with keyword filtering saved to database
2018-11-10 22:14:01 info: Tweet with filter keyword received by user: "ilovenastyhoes"
2018-11-10 22:14:01 info: Tweet by user "ilovenastyhoes" with keyword filtering saved to database
2018-11-10 22:14:01 info: Tweet with filter keyword received by user: "theogsnkrpimp"
2018-11-10 22:14:01 info: Tweet by user "theogsnkrpimp" with keyword filtering saved to database
2018-11-10 22:14:01 info: All tweets using since REST call have been successfully saved in the database.
2018-11-10 22:14:01 info: Tweet with filter keyword received by user: "MichaelPolakLaw"
2018-11-10 22:14:01 info: Tweet by user "MichaelPolakLaw" with keyword filtering saved to database
2018-11-10 22:14:01 info: Tweet with filter keyword received by user: "dwaters7545"
2018-11-10 22:14:01 info: Tweet by user "dwaters7545" with keyword filtering saved to database
2018-11-10 22:14:01 info: Tweet with filter keyword received by user: "JDFluent"
2018-11-10 22:14:01 info: Tweet by user "JDFluent" with keyword filtering saved to database
2018-11-10 22:14:01 info: Tweet with filter keyword received by user: "spurrell88"
2018-11-10 22:14:01 info: Tweet by user "spurrell88" with keyword filtering saved to database
2018-11-10 22:14:01 info: Tweet with filter keyword received by user: "7Kuextion"
2018-11-10 22:14:01 info: Tweet by user "7Kuextion" with keyword filtering saved to database
2018-11-10 22:14:01 info: Tweet with filter keyword received by user: "mrsmole"
2018-11-10 22:14:01 info: Tweet by user "mrsmole" with keyword filtering saved to database
2018-11-10 22:14:01 info: Keyword being searched for via the twitter REST call is: social
2018-11-10 22:14:01 info: Tweet with filter keyword received by user: "rykikuma"
2018-11-10 22:14:01 info: Tweet by user "rykikuma" with keyword filtering saved to database
2018-11-10 22:14:01 info: Tweet with filter keyword received by user: "IronwolfStudios"
2018-11-10 22:14:01 info: Tweet by user "IronwolfStudios" with keyword filtering saved to database
2018-11-10 22:14:01 info: Tweet with filter keyword received by user: "JackCam10121415"
2018-11-10 22:14:01 info: Tweet by user "JackCam10121415" with keyword filtering saved to database
2018-11-10 22:14:01 info: Tweet with filter keyword received by user: "bhabyYOY_kisses"
2018-11-10 22:14:01 info: Tweet by user "bhabyYOY_kisses" with keyword filtering saved to database
2018-11-10 22:14:01 info: The number of tweets received using GET REST API are: 100
2018-11-10 22:14:02 info: All tweets using since REST call have been successfully saved in the database.
2018-11-10 22:14:02 info: Tweet with filter keyword received by user: "Mjhall412"
2018-11-10 22:14:02 info: Tweet by user "Mjhall412" with keyword filtering saved to database
2018-11-10 22:14:02 info: Keyword being searched for via the twitter REST call is: movie
2018-11-10 22:14:02 info: Tweet with filter keyword received by user: "TelIingTruths"
2018-11-10 22:14:02 info: Tweet with filter keyword received by user: "Kevinmooree33"
2018-11-10 22:14:02 info: Tweet by user "TelIingTruths" with keyword filtering saved to database
2018-11-10 22:14:02 info: Tweet by user "Kevinmooree33" with keyword filtering saved to database
2018-11-10 22:14:02 info: Tweet with filter keyword received by user: "RedeSteady"
2018-11-10 22:14:02 info: Tweet by user "RedeSteady" with keyword filtering saved to database
2018-11-10 22:14:02 info: Tweet with filter keyword received by user: "TonyBrar_"
2018-11-10 22:14:02 info: Tweet by user "TonyBrar_" with keyword filtering saved to database
2018-11-10 22:14:02 info: Tweet with filter keyword received by user: "SnowFlakeFist"
2018-11-10 22:14:02 info: Tweet by user "SnowFlakeFist" with keyword filtering saved to database
2018-11-10 22:14:03 info: The number of tweets received using GET REST API are: 93
2018-11-10 22:14:03 info: All tweets using since REST call have been successfully saved in the database.
2018-11-10 22:14:03 info: Tweet with filter keyword received by user: "GuyJJackson"
2018-11-10 22:14:03 info: Tweet by user "GuyJJackson" with keyword filtering saved to database
2018-11-10 22:14:03 info: Keyword being searched for via the twitter REST call is: social
2018-11-10 22:14:03 info: Tweet with filter keyword received by user: "Rosemarie910"
2018-11-10 22:14:03 info: Tweet by user "Rosemarie910" with keyword filtering saved to database
2018-11-10 22:14:03 info: Tweet with filter keyword received by user: "little_irish_po"
2018-11-10 22:14:03 info: Tweet by user "little_irish_po" with keyword filtering saved to database
2018-11-10 22:14:03 info: Tweet with filter keyword received by user: "luli60"
2018-11-10 22:14:03 info: Tweet by user "luli60" with keyword filtering saved to database
2018-11-10 22:14:03 info: Tweet with filter keyword received by user: "mimi__laboheme"
2018-11-10 22:14:03 info: Tweet by user "mimi__laboheme" with keyword filtering saved to database
2018-11-10 22:14:03 info: Tweet with filter keyword received by user: "catlady2099"
2018-11-10 22:14:03 info: Tweet by user "catlady2099" with keyword filtering saved to database
2018-11-10 22:14:03 info: The number of tweets received using GET REST API are: 100
2018-11-10 22:14:03 info: Tweet with filter keyword received by user: "CTrussy"
2018-11-10 22:14:03 info: Tweet with filter keyword received by user: "dontcareman___"
2018-11-10 22:14:03 info: Tweet by user "CTrussy" with keyword filtering saved to database
2018-11-10 22:14:03 info: Tweet by user "dontcareman___" with keyword filtering saved to database
2018-11-10 22:14:04 info: All tweets using since REST call have been successfully saved in the database.
2018-11-10 22:14:04 info: Tweet with filter keyword received by user: "vodka_straightH"
2018-11-10 22:14:04 info: Tweet by user "vodka_straightH" with keyword filtering saved to database
2018-11-10 22:14:04 info: Tweet with filter keyword received by user: "JackingTwats"
2018-11-10 22:14:04 info: Tweet by user "JackingTwats" with keyword filtering saved to database
2018-11-10 22:14:04 info: Tweet with filter keyword received by user: "nlm0055"
2018-11-10 22:14:04 info: Tweet by user "nlm0055" with keyword filtering saved to database
2018-11-10 22:14:04 info: Keyword being searched for via the twitter REST call is: space
2018-11-10 22:14:04 info: Tweet with filter keyword received by user: "JMaeLauron"
2018-11-10 22:14:04 info: Tweet by user "JMaeLauron" with keyword filtering saved to database
2018-11-10 22:14:04 info: Tweet with filter keyword received by user: "dannah_sheena"
2018-11-10 22:14:04 info: Tweet by user "dannah_sheena" with keyword filtering saved to database
2018-11-10 22:14:04 info: Tweet with filter keyword received by user: "lulu_yandie"
2018-11-10 22:14:04 info: Tweet by user "lulu_yandie" with keyword filtering saved to database
2018-11-10 22:14:04 info: The number of tweets received using GET REST API are: 100
2018-11-10 22:14:04 info: Tweet with filter keyword received by user: "_Oyineh"
2018-11-10 22:14:04 info: Tweet by user "_Oyineh" with keyword filtering saved to database
2018-11-10 22:14:05 info: All tweets using since REST call have been successfully saved in the database.
2018-11-10 22:14:05 info: Tweet with filter keyword received by user: "gelajoyce"
2018-11-10 22:14:05 info: Tweet by user "gelajoyce" with keyword filtering saved to database
2018-11-10 22:14:05 info: Tweet with filter keyword received by user: "Dxxpeee"
2018-11-10 22:14:05 info: Tweet by user "Dxxpeee" with keyword filtering saved to database
2018-11-10 22:14:05 info: Tweet with filter keyword received by user: "SusanDeMaris"
2018-11-10 22:14:05 info: Tweet by user "SusanDeMaris" with keyword filtering saved to database
2018-11-10 22:14:05 info: Keyword being searched for via the twitter REST call is: spin
2018-11-10 22:14:05 info: Tweet with filter keyword received by user: "DNLeeming"
2018-11-10 22:14:05 info: Tweet by user "DNLeeming" with keyword filtering saved to database
2018-11-10 22:14:05 info: Tweet with filter keyword received by user: "ITiernan74"
2018-11-10 22:14:05 info: Tweet by user "ITiernan74" with keyword filtering saved to database
2018-11-10 22:14:05 info: The number of tweets received using GET REST API are: 100
2018-11-10 22:14:05 info: Tweet with filter keyword received by user: "Haleybean20171"
2018-11-10 22:14:05 info: Tweet by user "Haleybean20171" with keyword filtering saved to database
2018-11-10 22:14:05 info: Tweet with filter keyword received by user: "Anon4MAGA"
2018-11-10 22:14:05 info: Tweet by user "Anon4MAGA" with keyword filtering saved to database
2018-11-10 22:14:05 info: Tweet with filter keyword received by user: "Bombero_Galante"
2018-11-10 22:14:05 info: Tweet by user "Bombero_Galante" with keyword filtering saved to database
2018-11-10 22:14:05 info: Tweet with filter keyword received by user: "TheDaveLorenzo"
2018-11-10 22:14:05 info: Tweet by user "TheDaveLorenzo" with keyword filtering saved to database
2018-11-10 22:14:06 info: All tweets using since REST call have been successfully saved in the database.
2018-11-10 22:14:06 info: Tweet with filter keyword received by user: "Cowoner94"
2018-11-10 22:14:06 info: Tweet by user "Cowoner94" with keyword filtering saved to database
2018-11-10 22:14:06 info: Tweet with filter keyword received by user: "beerandnosh"
2018-11-10 22:14:06 info: Tweet by user "beerandnosh" with keyword filtering saved to database
2018-11-10 22:14:06 info: Tweet with filter keyword received by user: "RickDreibelbis"
2018-11-10 22:14:06 info: Tweet by user "RickDreibelbis" with keyword filtering saved to database
2018-11-10 22:14:06 info: Tweet with filter keyword received by user: "_kareenjean"
2018-11-10 22:14:06 info: Tweet by user "_kareenjean" with keyword filtering saved to database
2018-11-10 22:14:06 info: Tweet with filter keyword received by user: "ivannveracruz"
2018-11-10 22:14:06 info: Tweet by user "ivannveracruz" with keyword filtering saved to database
2018-11-10 22:14:06 info: Tweet with filter keyword received by user: "InkandAmmo"
2018-11-10 22:14:06 info: Tweet by user "InkandAmmo" with keyword filtering saved to database
2018-11-10 22:14:06 info: Tweet with filter keyword received by user: "Iceblade321"
2018-11-10 22:14:06 info: Tweet by user "Iceblade321" with keyword filtering saved to database
2018-11-10 22:14:06 info: Tweet with filter keyword received by user: "xoxo_Kiersten"
2018-11-10 22:14:06 info: Tweet by user "xoxo_Kiersten" with keyword filtering saved to database
2018-11-10 22:14:06 info: Keyword being searched for via the twitter REST call is: dhoni
2018-11-10 22:14:06 info: The number of tweets received using GET REST API are: 100
2018-11-10 22:14:06 info: Tweet with filter keyword received by user: "k_rue2017"
2018-11-10 22:14:06 info: Tweet by user "k_rue2017" with keyword filtering saved to database
2018-11-10 22:14:07 info: All tweets using since REST call have been successfully saved in the database.
2018-11-10 22:14:07 info: Tweet with filter keyword received by user: "kevinDW42"
2018-11-10 22:14:07 info: Tweet by user "kevinDW42" with keyword filtering saved to database
2018-11-10 22:14:07 info: Tweet with filter keyword received by user: "Schneby24"
2018-11-10 22:14:07 info: Tweet with filter keyword received by user: "ebrdtony"
2018-11-10 22:14:07 info: Tweet by user "Schneby24" with keyword filtering saved to database
2018-11-10 22:14:07 info: Tweet by user "ebrdtony" with keyword filtering saved to database
2018-11-10 22:14:07 info: Tweet with filter keyword received by user: "PattiKake45"
2018-11-10 22:14:07 info: Tweet by user "PattiKake45" with keyword filtering saved to database
2018-11-10 22:14:07 info: Tweet with filter keyword received by user: "alynna_nicolee"
2018-11-10 22:14:07 info: Tweet with filter keyword received by user: "BlackBelted"
2018-11-10 22:14:07 info: Tweet by user "alynna_nicolee" with keyword filtering saved to database
2018-11-10 22:14:07 info: Tweet by user "BlackBelted" with keyword filtering saved to database
2018-11-10 22:14:07 info: Tweet with filter keyword received by user: "Iampoonam_pooh"
2018-11-10 22:14:07 info: Tweet by user "Iampoonam_pooh" with keyword filtering saved to database
2018-11-10 22:14:07 info: Tweet from Glasgow received by user: "BellewvUsykppv"
2018-11-10 22:14:07 info: Keyword being searched for via the twitter REST call is: entertainment
2018-11-10 22:14:07 info: Tweet by user "BellewvUsykppv" from Glasgow saved to database
2018-11-10 22:14:07 info: Tweet with filter keyword received by user: "D2onTop"
2018-11-10 22:14:07 info: Tweet by user "D2onTop" with keyword filtering saved to database
2018-11-10 22:14:07 info: Tweet with filter keyword received by user: "GoodSlazo"
2018-11-10 22:14:07 info: Tweet by user "GoodSlazo" with keyword filtering saved to database
2018-11-10 22:14:07 info: Tweet with filter keyword received by user: "iamshatwo"
2018-11-10 22:14:07 info: Tweet by user "iamshatwo" with keyword filtering saved to database
2018-11-10 22:14:07 info: Tweet with filter keyword received by user: "anthonyvibess"
2018-11-10 22:14:07 info: Tweet by user "anthonyvibess" with keyword filtering saved to database
2018-11-10 22:14:08 info: The number of tweets received using GET REST API are: 100
2018-11-10 22:14:08 info: Tweet with filter keyword received by user: "TimeSayings"
2018-11-10 22:14:08 info: Tweet by user "TimeSayings" with keyword filtering saved to database
2018-11-10 22:14:08 info: Tweet with filter keyword received by user: "babydwd"
2018-11-10 22:14:08 info: Tweet by user "babydwd" with keyword filtering saved to database
2018-11-10 22:14:08 info: All tweets using since REST call have been successfully saved in the database.
2018-11-10 22:14:08 info: Tweet with filter keyword received by user: "peintress1"
2018-11-10 22:14:08 info: Tweet by user "peintress1" with keyword filtering saved to database
2018-11-10 22:14:08 info: Stopping the no filter stream.
2018-11-10 22:14:08 info: No filter stream ended.
2018-11-10 22:14:08 info: Stopping the keyword filter stream.
2018-11-10 22:14:08 info: Keyword filter stream ended.
2018-11-10 22:14:08 info: Stopping the location stream.
2018-11-10 22:14:08 info: Location stream ended.
2018-11-10 22:14:08 info: Number of tweets collected using REST API: 1973
2018-11-10 22:14:08 info: Number of tweets collected using no filter stream: 310
2018-11-10 22:14:08 info: Number of tweets collected using keyword filter stream: 78
2018-11-10 22:14:08 info: Number of tweets collected using location filter stream: 1
2018-11-10 22:14:08 info: Total number of tweets collected using REST and STREAM are: 2362
2018-11-10 22:14:08 info: Total number of geo-tagged tweets collected using REST and STREAM are: 45
